2011.03.16 02:51 B C:\InstantRails\rails_apps\omc\app\views\worldcup2011\commentRSS.rxml --> jubilee.dreamhost.com /killermobi.com/app/views/worldcup2011 commentRSS.rxml
2011.03.16 02:51 B C:\InstantRails\rails_apps\omc\app\views\worldcup2011\edit.html.erb --> jubilee.dreamhost.com /killermobi.com/app/views/worldcup2011 edit.html.erb
2011.03.16 02:51 B C:\InstantRails\rails_apps\omc\app\views\worldcup2011\index.html.erb --> jubilee.dreamhost.com /killermobi.com/app/views/worldcup2011 index.html.erb
2011.03.16 02:51 B C:\InstantRails\rails_apps\omc\app\views\worldcup2011\new.html.erb --> jubilee.dreamhost.com /killermobi.com/app/views/worldcup2011 new.html.erb
2011.03.16 02:51 B C:\InstantRails\rails_apps\omc\app\views\worldcup2011\show.html.erb --> jubilee.dreamhost.com /killermobi.com/app/views/worldcup2011 show.html.erb
2011.08.07 17:40 B C:\InstantRails\rails_apps\omc\app\views\worldcup2011\commentRSS.rxml <-- killermobi /killermobi.com/app/views/worldcup2011 commentRSS.rxml
2011.08.07 17:40 B C:\InstantRails\rails_apps\omc\app\views\worldcup2011\edit.html.erb <-- killermobi /killermobi.com/app/views/worldcup2011 edit.html.erb
2011.08.07 17:40 B C:\InstantRails\rails_apps\omc\app\views\worldcup2011\index.html.erb <-- killermobi /killermobi.com/app/views/worldcup2011 index.html.erb
2011.08.07 17:40 B C:\InstantRails\rails_apps\omc\app\views\worldcup2011\new.html.erb <-- killermobi /killermobi.com/app/views/worldcup2011 new.html.erb
2011.08.07 17:40 B C:\InstantRails\rails_apps\omc\app\views\worldcup2011\show.html.erb <-- killermobi /killermobi.com/app/views/worldcup2011 show.html.erb
2011.10.26 01:27 B C:\InstantRails\rails_apps\omc\app\views\worldcup2011\commentRSS.rxml --> jubilee.dreamhost.com /killermobi.com/app/views/worldcup2011 commentRSS.rxml
2011.10.26 01:27 B C:\InstantRails\rails_apps\omc\app\views\worldcup2011\edit.html.erb --> jubilee.dreamhost.com /killermobi.com/app/views/worldcup2011 edit.html.erb
2011.10.26 01:27 B C:\InstantRails\rails_apps\omc\app\views\worldcup2011\index.html.erb --> jubilee.dreamhost.com /killermobi.com/app/views/worldcup2011 index.html.erb
2011.10.26 01:27 B C:\InstantRails\rails_apps\omc\app\views\worldcup2011\new.html.erb --> jubilee.dreamhost.com /killermobi.com/app/views/worldcup2011 new.html.erb
2011.10.26 01:27 B C:\InstantRails\rails_apps\omc\app\views\worldcup2011\show.html.erb --> jubilee.dreamhost.com /killermobi.com/app/views/worldcup2011 show.html.erb
2011.10.26 01:27 B C:\InstantRails\rails_apps\omc\app\views\worldcup2011\WS_FTP.LOG --> jubilee.dreamhost.com /killermobi.com/app/views/worldcup2011 WS_FTP.LOG
2011.12.02 09:16 B C:\InstantRails\rails_apps\killermobi\app\views\worldcup2011\commentRSS.rxml --> jubilee.dreamhost.com /killermobi.com/new app/app/views/worldcup2011 commentRSS.rxml
2011.12.02 09:16 B C:\InstantRails\rails_apps\killermobi\app\views\worldcup2011\edit.html.erb --> jubilee.dreamhost.com /killermobi.com/new app/app/views/worldcup2011 edit.html.erb
2011.12.02 09:16 B C:\InstantRails\rails_apps\killermobi\app\views\worldcup2011\index.html.erb --> jubilee.dreamhost.com /killermobi.com/new app/app/views/worldcup2011 index.html.erb
2011.12.02 09:16 B C:\InstantRails\rails_apps\killermobi\app\views\worldcup2011\new.html.erb --> jubilee.dreamhost.com /killermobi.com/new app/app/views/worldcup2011 new.html.erb
2011.12.02 09:16 B C:\InstantRails\rails_apps\killermobi\app\views\worldcup2011\show.html.erb --> jubilee.dreamhost.com /killermobi.com/new app/app/views/worldcup2011 show.html.erb
