2010.08.11 10:05 B C:\InstantRails\rails_apps\omc\app\views\ideas\edit.html.erb --> jubilee.dreamhost.com /killermobi.com/app/views/ideas edit.html.erb
2010.08.11 10:05 B C:\InstantRails\rails_apps\omc\app\views\ideas\index.html.erb --> jubilee.dreamhost.com /killermobi.com/app/views/ideas index.html.erb
2010.08.11 10:05 B C:\InstantRails\rails_apps\omc\app\views\ideas\new.html.erb --> jubilee.dreamhost.com /killermobi.com/app/views/ideas new.html.erb
2010.08.11 10:05 B C:\InstantRails\rails_apps\omc\app\views\ideas\show.html.erb --> jubilee.dreamhost.com /killermobi.com/app/views/ideas show.html.erb
2010.08.13 01:45 B C:\InstantRails\rails_apps\omc\app\views\ideas\index.html.erb --> jubilee.dreamhost.com /killermobi.com/app/views/ideas index.html.erb
2010.08.13 01:45 B C:\InstantRails\rails_apps\omc\app\views\ideas\show.html.erb --> jubilee.dreamhost.com /killermobi.com/app/views/ideas show.html.erb
2010.08.13 01:45 B C:\InstantRails\rails_apps\omc\app\views\ideas\WS_FTP.LOG --> jubilee.dreamhost.com /killermobi.com/app/views/ideas WS_FTP.LOG
2010.08.15 02:09 B C:\InstantRails\rails_apps\omc\app\views\ideas\index.html.erb --> jubilee.dreamhost.com /killermobi.com/app/views/ideas index.html.erb
2010.08.15 02:09 B C:\InstantRails\rails_apps\omc\app\views\ideas\new.html.erb --> jubilee.dreamhost.com /killermobi.com/app/views/ideas new.html.erb
2010.08.15 02:09 B C:\InstantRails\rails_apps\omc\app\views\ideas\show.html.erb --> jubilee.dreamhost.com /killermobi.com/app/views/ideas show.html.erb
2010.08.15 02:09 B C:\InstantRails\rails_apps\omc\app\views\ideas\WS_FTP.LOG --> jubilee.dreamhost.com /killermobi.com/app/views/ideas WS_FTP.LOG
2010.08.15 02:26 B C:\InstantRails\rails_apps\omc\app\views\ideas\index.html.erb --> jubilee.dreamhost.com /killermobi.com/app/views/ideas index.html.erb
2010.08.15 02:26 B C:\InstantRails\rails_apps\omc\app\views\ideas\new.html.erb --> jubilee.dreamhost.com /killermobi.com/app/views/ideas new.html.erb
2010.08.15 02:26 B C:\InstantRails\rails_apps\omc\app\views\ideas\show.html.erb --> jubilee.dreamhost.com /killermobi.com/app/views/ideas show.html.erb
2010.08.15 02:26 B C:\InstantRails\rails_apps\omc\app\views\ideas\WS_FTP.LOG --> jubilee.dreamhost.com /killermobi.com/app/views/ideas WS_FTP.LOG
2010.08.16 14:06 B C:\InstantRails\rails_apps\omc\app\views\ideas\index.html.erb --> jubilee.dreamhost.com /killermobi.com/app/views/ideas index.html.erb
2010.08.16 14:06 B C:\InstantRails\rails_apps\omc\app\views\ideas\new.html.erb --> jubilee.dreamhost.com /killermobi.com/app/views/ideas new.html.erb
2010.08.16 14:06 B C:\InstantRails\rails_apps\omc\app\views\ideas\show.html.erb --> jubilee.dreamhost.com /killermobi.com/app/views/ideas show.html.erb
2010.08.16 14:06 B C:\InstantRails\rails_apps\omc\app\views\ideas\WS_FTP.LOG --> jubilee.dreamhost.com /killermobi.com/app/views/ideas WS_FTP.LOG
2010.08.24 07:29 B C:\InstantRails\rails_apps\omc\app\views\ideas\WS_FTP.LOG --> jubilee.dreamhost.com /killermobi.com/app/views/ideas WS_FTP.LOG
2010.08.25 20:02 B C:\InstantRails\rails_apps\omc\app\views\ideas\new.html.erb --> jubilee.dreamhost.com /killermobi.com new.html.erb
2010.08.25 20:04 B C:\InstantRails\rails_apps\omc\app\views\ideas\new.html.erb --> jubilee.dreamhost.com /killermobi.com/app/views/ideas new.html.erb
2010.10.20 21:44 B C:\InstantRails\rails_apps\omc\app\views\ideas\edit.html.erb --> jubilee.dreamhost.com /killermobi.com/app/views/ideas edit.html.erb
2010.10.20 21:44 B C:\InstantRails\rails_apps\omc\app\views\ideas\index.html.erb --> jubilee.dreamhost.com /killermobi.com/app/views/ideas index.html.erb
2010.10.20 21:44 B C:\InstantRails\rails_apps\omc\app\views\ideas\new.html.erb --> jubilee.dreamhost.com /killermobi.com/app/views/ideas new.html.erb
2010.10.20 21:44 B C:\InstantRails\rails_apps\omc\app\views\ideas\show.html.erb --> jubilee.dreamhost.com /killermobi.com/app/views/ideas show.html.erb
2010.10.20 21:44 B C:\InstantRails\rails_apps\omc\app\views\ideas\WS_FTP.LOG --> jubilee.dreamhost.com /killermobi.com/app/views/ideas WS_FTP.LOG
2010.10.22 01:44 B C:\InstantRails\rails_apps\omc\app\views\ideas\new.html.erb --> jubilee.dreamhost.com /killermobi.com/app/views/ideas new.html.erb
2010.12.03 16:44 B C:\InstantRails\rails_apps\omc\app\views\ideas\index.html.erb --> jubilee.dreamhost.com /killermobi.com/app/views/ideas index.html.erb
2010.12.03 16:44 B C:\InstantRails\rails_apps\omc\app\views\ideas\new.html.erb --> jubilee.dreamhost.com /killermobi.com/app/views/ideas new.html.erb
2010.12.03 16:44 B C:\InstantRails\rails_apps\omc\app\views\ideas\show.html.erb --> jubilee.dreamhost.com /killermobi.com/app/views/ideas show.html.erb
2010.12.21 23:09 B C:\InstantRails\rails_apps\omc\app\views\ideas\index.html.erb --> jubilee.dreamhost.com /killermobi.com/app/views/ideas index.html.erb
2010.12.21 23:09 B C:\InstantRails\rails_apps\omc\app\views\ideas\new.html.erb --> jubilee.dreamhost.com /killermobi.com/app/views/ideas new.html.erb
2010.12.21 23:09 B C:\InstantRails\rails_apps\omc\app\views\ideas\show.html.erb --> jubilee.dreamhost.com /killermobi.com/app/views/ideas show.html.erb
2010.12.21 23:09 B C:\InstantRails\rails_apps\omc\app\views\ideas\WS_FTP.LOG --> jubilee.dreamhost.com /killermobi.com/app/views/ideas WS_FTP.LOG
2011.02.15 10:17 B C:\InstantRails\rails_apps\omc\app\views\ideas\WS_FTP.LOG --> jubilee.dreamhost.com /killermobi.com/app/views/ideas WS_FTP.LOG
2011.08.07 17:39 B C:\InstantRails\rails_apps\omc\app\views\ideas\edit.html.erb <-- killermobi /killermobi.com/app/views/ideas edit.html.erb
2011.08.07 17:39 B C:\InstantRails\rails_apps\omc\app\views\ideas\index.html.erb <-- killermobi /killermobi.com/app/views/ideas index.html.erb
2011.08.07 17:39 B C:\InstantRails\rails_apps\omc\app\views\ideas\new.html.erb <-- killermobi /killermobi.com/app/views/ideas new.html.erb
2011.08.07 17:39 B C:\InstantRails\rails_apps\omc\app\views\ideas\show.html.erb <-- killermobi /killermobi.com/app/views/ideas show.html.erb
2011.10.26 01:21 B C:\InstantRails\rails_apps\omc\app\views\ideas\WS_FTP.LOG --> jubilee.dreamhost.com /killermobi.com/app/views/ideas WS_FTP.LOG
2011.12.02 09:13 B C:\InstantRails\rails_apps\killermobi\app\views\ideas\edit.html.erb --> jubilee.dreamhost.com /killermobi.com/new app/app/views/ideas edit.html.erb
2011.12.02 09:13 B C:\InstantRails\rails_apps\killermobi\app\views\ideas\index.html.erb --> jubilee.dreamhost.com /killermobi.com/new app/app/views/ideas index.html.erb
2011.12.02 09:13 B C:\InstantRails\rails_apps\killermobi\app\views\ideas\new.html.erb --> jubilee.dreamhost.com /killermobi.com/new app/app/views/ideas new.html.erb
2011.12.02 09:13 B C:\InstantRails\rails_apps\killermobi\app\views\ideas\show.html.erb --> jubilee.dreamhost.com /killermobi.com/new app/app/views/ideas show.html.erb
