2010.08.11 09:29 B C:\InstantRails\rails_apps\omc\app\views\downloads\edit.html.erb --> jubilee.dreamhost.com /killermobi.com/app/views/downloads edit.html.erb
2010.08.11 09:29 B C:\InstantRails\rails_apps\omc\app\views\downloads\index.html.erb --> jubilee.dreamhost.com /killermobi.com/app/views/downloads index.html.erb
2010.08.11 09:29 B C:\InstantRails\rails_apps\omc\app\views\downloads\new.html.erb --> jubilee.dreamhost.com /killermobi.com/app/views/downloads new.html.erb
2010.08.11 09:29 B C:\InstantRails\rails_apps\omc\app\views\downloads\show.html.erb --> jubilee.dreamhost.com /killermobi.com/app/views/downloads show.html.erb
2010.08.11 10:04 B C:\InstantRails\rails_apps\omc\app\views\downloads\edit.html.erb --> jubilee.dreamhost.com /killermobi.com/app/views/downloads edit.html.erb
2010.08.11 10:04 B C:\InstantRails\rails_apps\omc\app\views\downloads\files.rhtml --> jubilee.dreamhost.com /killermobi.com/app/views/downloads files.rhtml
2010.08.11 10:04 B C:\InstantRails\rails_apps\omc\app\views\downloads\index.html.erb --> jubilee.dreamhost.com /killermobi.com/app/views/downloads index.html.erb
2010.08.11 10:04 B C:\InstantRails\rails_apps\omc\app\views\downloads\new.html.erb --> jubilee.dreamhost.com /killermobi.com/app/views/downloads new.html.erb
2010.08.11 10:04 B C:\InstantRails\rails_apps\omc\app\views\downloads\show.html.erb --> jubilee.dreamhost.com /killermobi.com/app/views/downloads show.html.erb
2010.08.11 10:04 B C:\InstantRails\rails_apps\omc\app\views\downloads\WS_FTP.LOG --> jubilee.dreamhost.com /killermobi.com/app/views/downloads WS_FTP.LOG
2010.08.13 01:43 B C:\InstantRails\rails_apps\omc\app\views\downloads\files.rhtml --> jubilee.dreamhost.com /killermobi.com/app/views/downloads files.rhtml
2010.08.13 01:43 B C:\InstantRails\rails_apps\omc\app\views\downloads\index.html.erb --> jubilee.dreamhost.com /killermobi.com/app/views/downloads index.html.erb
2010.08.13 01:43 B C:\InstantRails\rails_apps\omc\app\views\downloads\new.html.erb --> jubilee.dreamhost.com /killermobi.com/app/views/downloads new.html.erb
2010.08.13 01:43 B C:\InstantRails\rails_apps\omc\app\views\downloads\show.html.erb --> jubilee.dreamhost.com /killermobi.com/app/views/downloads show.html.erb
2010.08.13 01:43 B C:\InstantRails\rails_apps\omc\app\views\downloads\WS_FTP.LOG --> jubilee.dreamhost.com /killermobi.com/app/views/downloads WS_FTP.LOG
2010.08.15 02:08 B C:\InstantRails\rails_apps\omc\app\views\downloads\files.rhtml --> jubilee.dreamhost.com /killermobi.com/app/views/downloads files.rhtml
2010.08.15 02:08 B C:\InstantRails\rails_apps\omc\app\views\downloads\index.html.erb --> jubilee.dreamhost.com /killermobi.com/app/views/downloads index.html.erb
2010.08.15 02:08 B C:\InstantRails\rails_apps\omc\app\views\downloads\new.html.erb --> jubilee.dreamhost.com /killermobi.com/app/views/downloads new.html.erb
2010.08.15 02:08 B C:\InstantRails\rails_apps\omc\app\views\downloads\show.html.erb --> jubilee.dreamhost.com /killermobi.com/app/views/downloads show.html.erb
2010.08.15 02:08 B C:\InstantRails\rails_apps\omc\app\views\downloads\WS_FTP.LOG --> jubilee.dreamhost.com /killermobi.com/app/views/downloads WS_FTP.LOG
2010.08.15 02:25 B C:\InstantRails\rails_apps\omc\app\views\downloads\index.html.erb --> jubilee.dreamhost.com /killermobi.com/app/views/downloads index.html.erb
2010.08.15 02:25 B C:\InstantRails\rails_apps\omc\app\views\downloads\show.html.erb --> jubilee.dreamhost.com /killermobi.com/app/views/downloads show.html.erb
2010.08.15 02:25 B C:\InstantRails\rails_apps\omc\app\views\downloads\WS_FTP.LOG --> jubilee.dreamhost.com /killermobi.com/app/views/downloads WS_FTP.LOG
2010.08.15 03:13 B C:\InstantRails\rails_apps\omc\app\views\downloads\show.html.erb --> jubilee.dreamhost.com /killermobi.com/app/views/downloads show.html.erb
2010.08.16 14:04 B C:\InstantRails\rails_apps\omc\app\views\downloads\index.html.erb --> jubilee.dreamhost.com /killermobi.com/app/views/downloads index.html.erb
2010.08.16 14:04 B C:\InstantRails\rails_apps\omc\app\views\downloads\show.html.erb --> jubilee.dreamhost.com /killermobi.com/app/views/downloads show.html.erb
2010.08.16 14:04 B C:\InstantRails\rails_apps\omc\app\views\downloads\WS_FTP.LOG --> jubilee.dreamhost.com /killermobi.com/app/views/downloads WS_FTP.LOG
2010.08.23 23:17 B C:\InstantRails\rails_apps\omc\app\views\downloads\_download_desc.rhtml --> jubilee.dreamhost.com /killermobi.com/app/views/downloads _download_desc.rhtml
2010.08.23 23:17 B C:\InstantRails\rails_apps\omc\app\views\downloads\edit.html.erb --> jubilee.dreamhost.com /killermobi.com/app/views/downloads edit.html.erb
2010.08.23 23:17 B C:\InstantRails\rails_apps\omc\app\views\downloads\index.html.erb --> jubilee.dreamhost.com /killermobi.com/app/views/downloads index.html.erb
2010.08.23 23:17 B C:\InstantRails\rails_apps\omc\app\views\downloads\show.html.erb --> jubilee.dreamhost.com /killermobi.com/app/views/downloads show.html.erb
2010.08.23 23:17 B C:\InstantRails\rails_apps\omc\app\views\downloads\WS_FTP.LOG --> jubilee.dreamhost.com /killermobi.com/app/views/downloads WS_FTP.LOG
2010.08.24 07:28 B C:\InstantRails\rails_apps\omc\app\views\downloads\index.html.erb --> jubilee.dreamhost.com /killermobi.com/app/views/downloads index.html.erb
2010.08.24 07:28 B C:\InstantRails\rails_apps\omc\app\views\downloads\show.html.erb --> jubilee.dreamhost.com /killermobi.com/app/views/downloads show.html.erb
2010.08.24 07:28 B C:\InstantRails\rails_apps\omc\app\views\downloads\WS_FTP.LOG --> jubilee.dreamhost.com /killermobi.com/app/views/downloads WS_FTP.LOG
2010.08.26 22:59 B C:\InstantRails\rails_apps\omc\app\views\downloads\index.html.erb --> jubilee.dreamhost.com /killermobi.com/app/views/downloads index.html.erb
2010.08.26 22:59 B C:\InstantRails\rails_apps\omc\app\views\downloads\show.html.erb --> jubilee.dreamhost.com /killermobi.com/app/views/downloads show.html.erb
2010.08.26 23:00 B C:\InstantRails\rails_apps\omc\app\views\downloads\WS_FTP.LOG --> jubilee.dreamhost.com /killermobi.com/app/views/downloads WS_FTP.LOG
2010.09.04 19:28 B C:\InstantRails\rails_apps\omc\app\views\downloads\index.html.erb --> jubilee.dreamhost.com /killermobi.com/app/views/downloads index.html.erb
2010.09.04 19:28 B C:\InstantRails\rails_apps\omc\app\views\downloads\show.html.erb --> jubilee.dreamhost.com /killermobi.com/app/views/downloads show.html.erb
2010.10.02 10:34 B C:\InstantRails\rails_apps\omc\app\views\downloads\show.html.erb --> jubilee.dreamhost.com /killermobi.com/app/views/downloads show.html.erb
2010.10.20 21:42 B C:\InstantRails\rails_apps\omc\app\views\downloads\edit.html.erb --> jubilee.dreamhost.com /killermobi.com/app/views/downloads edit.html.erb
2010.10.20 21:42 B C:\InstantRails\rails_apps\omc\app\views\downloads\files.rhtml --> jubilee.dreamhost.com /killermobi.com/app/views/downloads files.rhtml
2010.10.20 21:42 B C:\InstantRails\rails_apps\omc\app\views\downloads\index bkup.txt --> jubilee.dreamhost.com /killermobi.com/app/views/downloads index bkup.txt
2010.10.20 21:42 B C:\InstantRails\rails_apps\omc\app\views\downloads\index.html.erb --> jubilee.dreamhost.com /killermobi.com/app/views/downloads index.html.erb
2010.10.20 21:42 B C:\InstantRails\rails_apps\omc\app\views\downloads\index.html.erb.bak --> jubilee.dreamhost.com /killermobi.com/app/views/downloads index.html.erb.bak
2010.10.20 21:43 B C:\InstantRails\rails_apps\omc\app\views\downloads\new.html.erb --> jubilee.dreamhost.com /killermobi.com/app/views/downloads new.html.erb
2010.10.20 21:43 B C:\InstantRails\rails_apps\omc\app\views\downloads\show.html.erb --> jubilee.dreamhost.com /killermobi.com/app/views/downloads show.html.erb
2010.10.20 21:43 B C:\InstantRails\rails_apps\omc\app\views\downloads\WS_FTP.LOG --> jubilee.dreamhost.com /killermobi.com/app/views/downloads WS_FTP.LOG
2010.10.21 13:39 B C:\InstantRails\rails_apps\omc\app\views\downloads\show.html.erb --> jubilee.dreamhost.com /killermobi.com/app/views/downloads show.html.erb
2010.10.22 01:44 B C:\InstantRails\rails_apps\omc\app\views\downloads\show.html.erb --> jubilee.dreamhost.com /killermobi.com/app/views/downloads show.html.erb
2010.10.22 19:22 B C:\InstantRails\rails_apps\omc\app\views\downloads\show.html.erb --> jubilee.dreamhost.com /killermobi.com/app/views/downloads show.html.erb
2010.10.25 17:34 B C:\InstantRails\rails_apps\omc\app\views\downloads\show.html.erb --> jubilee.dreamhost.com /killermobi.com/app/views/downloads show.html.erb
2010.10.31 21:48 B C:\InstantRails\rails_apps\omc\app\views\downloads\show.html.erb --> jubilee.dreamhost.com /killermobi.com/app/views/downloads show.html.erb
2010.11.29 02:45 B C:\InstantRails\rails_apps\omc\app\views\downloads\show.html.erb --> jubilee.dreamhost.com /killermobi.com/app/views/downloads show.html.erb
2010.12.03 16:43 B C:\InstantRails\rails_apps\omc\app\views\downloads\index.html.erb --> jubilee.dreamhost.com /killermobi.com/app/views/downloads index.html.erb
2010.12.03 16:43 B C:\InstantRails\rails_apps\omc\app\views\downloads\show.html.erb --> jubilee.dreamhost.com /killermobi.com/app/views/downloads show.html.erb
2010.12.21 23:07 B C:\InstantRails\rails_apps\omc\app\views\downloads\index.html.erb --> jubilee.dreamhost.com /killermobi.com/app/views/downloads index.html.erb
2010.12.21 23:07 B C:\InstantRails\rails_apps\omc\app\views\downloads\show.html.erb --> jubilee.dreamhost.com /killermobi.com/app/views/downloads show.html.erb
2010.12.21 23:07 B C:\InstantRails\rails_apps\omc\app\views\downloads\WS_FTP.LOG --> jubilee.dreamhost.com /killermobi.com/app/views/downloads WS_FTP.LOG
2011.02.15 10:15 B C:\InstantRails\rails_apps\omc\app\views\downloads\WS_FTP.LOG --> jubilee.dreamhost.com /killermobi.com/app/views/downloads WS_FTP.LOG
2011.03.06 03:43 B C:\InstantRails\rails_apps\omc\app\views\downloads\_show_tags.rhtml --> jubilee.dreamhost.com /killermobi.com/app/views/downloads _show_tags.rhtml
2011.03.06 13:01 B C:\InstantRails\rails_apps\omc\app\views\downloads\_show_tags.rhtml --> jubilee.dreamhost.com /killermobi.com/app/views/downloads _show_tags.rhtml
2011.03.08 01:03 B C:\InstantRails\rails_apps\omc\app\views\downloads\_show_tags.rhtml --> jubilee.dreamhost.com /killermobi.com/app/views/downloads _show_tags.rhtml
2011.03.08 01:03 B C:\InstantRails\rails_apps\omc\app\views\downloads\edit.html.erb --> jubilee.dreamhost.com /killermobi.com/app/views/downloads edit.html.erb
2011.03.08 01:03 B C:\InstantRails\rails_apps\omc\app\views\downloads\index.html.erb --> jubilee.dreamhost.com /killermobi.com/app/views/downloads index.html.erb
2011.03.08 01:03 B C:\InstantRails\rails_apps\omc\app\views\downloads\new.html.erb --> jubilee.dreamhost.com /killermobi.com/app/views/downloads new.html.erb
2011.03.08 01:03 B C:\InstantRails\rails_apps\omc\app\views\downloads\remote_tag_edit.rhtml --> jubilee.dreamhost.com /killermobi.com/app/views/downloads remote_tag_edit.rhtml
2011.03.08 01:03 B C:\InstantRails\rails_apps\omc\app\views\downloads\show.html.erb --> jubilee.dreamhost.com /killermobi.com/app/views/downloads show.html.erb
2011.03.08 01:04 B C:\InstantRails\rails_apps\omc\app\views\downloads\tag_page_show.rhtml --> jubilee.dreamhost.com /killermobi.com/app/views/downloads tag_page_show.rhtml
2011.03.08 01:04 B C:\InstantRails\rails_apps\omc\app\views\downloads\WS_FTP.LOG --> jubilee.dreamhost.com /killermobi.com/app/views/downloads WS_FTP.LOG
2011.06.27 00:36 B C:\InstantRails\rails_apps\omc\app\views\downloads\_show_tags.rhtml --> jubilee.dreamhost.com /killermobi.com/app/views/downloads _show_tags.rhtml
2011.06.27 00:36 B C:\InstantRails\rails_apps\omc\app\views\downloads\index.html.erb --> jubilee.dreamhost.com /killermobi.com/app/views/downloads index.html.erb
2011.06.27 00:36 B C:\InstantRails\rails_apps\omc\app\views\downloads\show.html.erb --> jubilee.dreamhost.com /killermobi.com/app/views/downloads show.html.erb
2011.07.10 22:56 B C:\InstantRails\rails_apps\omc\app\views\downloads\index.html.erb --> jubilee.dreamhost.com /killermobi.com/app/views/downloads index.html.erb
2011.07.13 23:25 B C:\InstantRails\rails_apps\omc\app\views\downloads\show.html.erb --> jubilee.dreamhost.com /killermobi.com/app/views/downloads show.html.erb
2011.07.25 02:56 B C:\InstantRails\rails_apps\omc\app\views\downloads\index.html.erb --> jubilee.dreamhost.com /killermobi.com/app/views/downloads index.html.erb
2011.08.07 17:38 B C:\InstantRails\rails_apps\omc\app\views\downloads\_show_tags.rhtml <-- killermobi /killermobi.com/app/views/downloads _show_tags.rhtml
2011.08.07 17:38 B C:\InstantRails\rails_apps\omc\app\views\downloads\edit.html.erb <-- killermobi /killermobi.com/app/views/downloads edit.html.erb
2011.08.07 17:38 B C:\InstantRails\rails_apps\omc\app\views\downloads\index bkup.txt <-- killermobi /killermobi.com/app/views/downloads index bkup.txt
2011.08.07 17:38 B C:\InstantRails\rails_apps\omc\app\views\downloads\index.html.erb.bak <-- killermobi /killermobi.com/app/views/downloads index.html.erb.bak
2011.08.07 17:38 B C:\InstantRails\rails_apps\omc\app\views\downloads\new.html.erb <-- killermobi /killermobi.com/app/views/downloads new.html.erb
2011.08.07 17:38 B C:\InstantRails\rails_apps\omc\app\views\downloads\tag_page_show.rhtml <-- killermobi /killermobi.com/app/views/downloads tag_page_show.rhtml
2011.08.18 16:39 B C:\InstantRails\rails_apps\omc\app\views\downloads\remote_tag_edit.rhtml --> jubilee.dreamhost.com /killermobi.com/app/views/downloads remote_tag_edit.rhtml
2011.08.18 16:39 B C:\InstantRails\rails_apps\omc\app\views\downloads\show.html.erb --> jubilee.dreamhost.com /killermobi.com/app/views/downloads show.html.erb
2011.08.18 16:40 B C:\InstantRails\rails_apps\omc\app\views\downloads\remote_tag_edit.rhtml --> jubilee.dreamhost.com /killermobi.com/app/views/downloads remote_tag_edit.rhtml
2011.08.29 23:02 B C:\InstantRails\rails_apps\omc\app\views\downloads\_download_desc.rhtml --> jubilee.dreamhost.com /killermobi.com/app/views/downloads _download_desc.rhtml
2011.08.29 23:02 B C:\InstantRails\rails_apps\omc\app\views\downloads\files.rhtml --> jubilee.dreamhost.com /killermobi.com/app/views/downloads files.rhtml
2011.08.29 23:02 B C:\InstantRails\rails_apps\omc\app\views\downloads\index.html.erb --> jubilee.dreamhost.com /killermobi.com/app/views/downloads index.html.erb
2011.08.29 23:02 B C:\InstantRails\rails_apps\omc\app\views\downloads\remote_tag_edit.rhtml --> jubilee.dreamhost.com /killermobi.com/app/views/downloads remote_tag_edit.rhtml
2011.08.29 23:02 B C:\InstantRails\rails_apps\omc\app\views\downloads\show.html.erb --> jubilee.dreamhost.com /killermobi.com/app/views/downloads show.html.erb
2011.10.26 01:19 B C:\InstantRails\rails_apps\omc\app\views\downloads\edit.html.erb --> jubilee.dreamhost.com /killermobi.com/app/views/downloads edit.html.erb
2011.10.26 01:19 B C:\InstantRails\rails_apps\omc\app\views\downloads\new.html.erb --> jubilee.dreamhost.com /killermobi.com/app/views/downloads new.html.erb
2011.10.26 01:19 B C:\InstantRails\rails_apps\omc\app\views\downloads\WS_FTP.LOG --> jubilee.dreamhost.com /killermobi.com/app/views/downloads WS_FTP.LOG
2011.12.02 09:12 B C:\InstantRails\rails_apps\killermobi\app\views\downloads\_download_desc.rhtml --> jubilee.dreamhost.com /killermobi.com/new app/app/views/downloads _download_desc.rhtml
2011.12.02 09:12 B C:\InstantRails\rails_apps\killermobi\app\views\downloads\_show_tags.rhtml --> jubilee.dreamhost.com /killermobi.com/new app/app/views/downloads _show_tags.rhtml
2011.12.02 09:12 B C:\InstantRails\rails_apps\killermobi\app\views\downloads\edit.html.erb --> jubilee.dreamhost.com /killermobi.com/new app/app/views/downloads edit.html.erb
2011.12.02 09:12 B C:\InstantRails\rails_apps\killermobi\app\views\downloads\files.rhtml --> jubilee.dreamhost.com /killermobi.com/new app/app/views/downloads files.rhtml
2011.12.02 09:12 B C:\InstantRails\rails_apps\killermobi\app\views\downloads\index.html.erb --> jubilee.dreamhost.com /killermobi.com/new app/app/views/downloads index.html.erb
2011.12.02 09:12 B C:\InstantRails\rails_apps\killermobi\app\views\downloads\new.html.erb --> jubilee.dreamhost.com /killermobi.com/new app/app/views/downloads new.html.erb
2011.12.02 09:12 B C:\InstantRails\rails_apps\killermobi\app\views\downloads\remote_tag_edit.rhtml --> jubilee.dreamhost.com /killermobi.com/new app/app/views/downloads remote_tag_edit.rhtml
2011.12.02 09:12 B C:\InstantRails\rails_apps\killermobi\app\views\downloads\show.html.erb --> jubilee.dreamhost.com /killermobi.com/new app/app/views/downloads show.html.erb
2011.12.02 09:12 B C:\InstantRails\rails_apps\killermobi\app\views\downloads\tag_page_show.rhtml --> jubilee.dreamhost.com /killermobi.com/new app/app/views/downloads tag_page_show.rhtml
2011.12.02 09:12 B C:\InstantRails\rails_apps\killermobi\app\views\downloads\WS_FTP.LOG --> jubilee.dreamhost.com /killermobi.com/new app/app/views/downloads WS_FTP.LOG
2012.04.10 02:32 B C:\InstantRails\rails_apps\killermobi\app\views\downloads\_bucket_ready.erb --> jubilee.dreamhost.com /killermobi.com/app/views/downloads _bucket_ready.erb
2012.04.10 02:32 B C:\InstantRails\rails_apps\killermobi\app\views\downloads\_device.erb --> jubilee.dreamhost.com /killermobi.com/app/views/downloads _device.erb
2012.04.10 02:32 B C:\InstantRails\rails_apps\killermobi\app\views\downloads\_dropables.erb --> jubilee.dreamhost.com /killermobi.com/app/views/downloads _dropables.erb
2012.04.10 02:32 B C:\InstantRails\rails_apps\killermobi\app\views\downloads\_make_bucket.erb --> jubilee.dreamhost.com /killermobi.com/app/views/downloads _make_bucket.erb
2012.04.10 02:32 B C:\InstantRails\rails_apps\killermobi\app\views\downloads\_review_form.erb --> jubilee.dreamhost.com /killermobi.com/app/views/downloads _review_form.erb
2012.04.10 02:32 B C:\InstantRails\rails_apps\killermobi\app\views\downloads\_review_list.erb --> jubilee.dreamhost.com /killermobi.com/app/views/downloads _review_list.erb
2012.04.10 02:32 B C:\InstantRails\rails_apps\killermobi\app\views\downloads\_top_cat_list.erb --> jubilee.dreamhost.com /killermobi.com/app/views/downloads _top_cat_list.erb
2012.04.10 02:33 B C:\InstantRails\rails_apps\killermobi\app\views\downloads\_user_bucket_list.erb --> jubilee.dreamhost.com /killermobi.com/app/views/downloads _user_bucket_list.erb
2012.04.10 02:33 B C:\InstantRails\rails_apps\killermobi\app\views\downloads\_user_reviews.erb --> jubilee.dreamhost.com /killermobi.com/app/views/downloads _user_reviews.erb
2012.04.10 02:33 B C:\InstantRails\rails_apps\killermobi\app\views\downloads\_write_review.erb --> jubilee.dreamhost.com /killermobi.com/app/views/downloads _write_review.erb
2012.04.10 02:33 B C:\InstantRails\rails_apps\killermobi\app\views\downloads\index.html.erb --> jubilee.dreamhost.com /killermobi.com/app/views/downloads index.html.erb
2012.04.10 02:33 B C:\InstantRails\rails_apps\killermobi\app\views\downloads\show.html.erb --> jubilee.dreamhost.com /killermobi.com/app/views/downloads show.html.erb
2012.04.10 02:33 B C:\InstantRails\rails_apps\killermobi\app\views\downloads\show_bucket.erb --> jubilee.dreamhost.com /killermobi.com/app/views/downloads show_bucket.erb
2012.04.10 02:33 B C:\InstantRails\rails_apps\killermobi\app\views\downloads\upload.erb --> jubilee.dreamhost.com /killermobi.com/app/views/downloads upload.erb
2012.04.11 10:13 B C:\InstantRails\rails_apps\killermobi\app\views\downloads\index.html.erb --> jubilee.dreamhost.com /killermobi.com/app/views/downloads index.html.erb
2012.04.11 10:16 B C:\InstantRails\rails_apps\killermobi\app\views\downloads\index.html.erb --> jubilee.dreamhost.com /killermobi.com/app/views/downloads index.html.erb
2012.04.11 10:17 B C:\InstantRails\rails_apps\killermobi\app\views\downloads\show_bucket.erb --> jubilee.dreamhost.com /killermobi.com/app/views/downloads show_bucket.erb
2012.04.12 01:47 B C:\InstantRails\rails_apps\killermobi\app\views\downloads\_device.erb --> jubilee.dreamhost.com /killermobi.com/app/views/downloads _device.erb
2012.04.12 01:47 B C:\InstantRails\rails_apps\killermobi\app\views\downloads\_dropables.erb --> jubilee.dreamhost.com /killermobi.com/app/views/downloads _dropables.erb
2012.04.12 01:47 B C:\InstantRails\rails_apps\killermobi\app\views\downloads\_top_cat_list.erb --> jubilee.dreamhost.com /killermobi.com/app/views/downloads _top_cat_list.erb
2012.04.12 01:47 B C:\InstantRails\rails_apps\killermobi\app\views\downloads\_user_bucket_list.erb --> jubilee.dreamhost.com /killermobi.com/app/views/downloads _user_bucket_list.erb
2012.04.12 01:47 B C:\InstantRails\rails_apps\killermobi\app\views\downloads\index.html.erb --> jubilee.dreamhost.com /killermobi.com/app/views/downloads index.html.erb
2012.04.12 01:47 B C:\InstantRails\rails_apps\killermobi\app\views\downloads\show.html.erb --> jubilee.dreamhost.com /killermobi.com/app/views/downloads show.html.erb
2012.04.12 01:47 B C:\InstantRails\rails_apps\killermobi\app\views\downloads\show_bucket.erb --> jubilee.dreamhost.com /killermobi.com/app/views/downloads show_bucket.erb
