2011.12.02 09:10 B C:\InstantRails\rails_apps\killermobi\app\views\base\_uploader.erb --> jubilee.dreamhost.com /killermobi.com/new app/app/views/base _uploader.erb
2011.12.02 09:10 B C:\InstantRails\rails_apps\killermobi\app\views\base\about.rhtml --> jubilee.dreamhost.com /killermobi.com/new app/app/views/base about.rhtml
2011.12.02 09:10 B C:\InstantRails\rails_apps\killermobi\app\views\base\advertiser.rhtml --> jubilee.dreamhost.com /killermobi.com/new app/app/views/base advertiser.rhtml
2011.12.02 09:10 B C:\InstantRails\rails_apps\killermobi\app\views\base\android.rhtml --> jubilee.dreamhost.com /killermobi.com/new app/app/views/base android.rhtml
2011.12.02 09:10 B C:\InstantRails\rails_apps\killermobi\app\views\base\beta.rhtml --> jubilee.dreamhost.com /killermobi.com/new app/app/views/base beta.rhtml
2011.12.02 09:10 B C:\InstantRails\rails_apps\killermobi\app\views\base\blackberry.rhtml --> jubilee.dreamhost.com /killermobi.com/new app/app/views/base blackberry.rhtml
2011.12.02 09:10 B C:\InstantRails\rails_apps\killermobi\app\views\base\category.rhtml --> jubilee.dreamhost.com /killermobi.com/new app/app/views/base category.rhtml
2011.12.02 09:10 B C:\InstantRails\rails_apps\killermobi\app\views\base\contact.rhtml --> jubilee.dreamhost.com /killermobi.com/new app/app/views/base contact.rhtml
2011.12.02 09:10 B C:\InstantRails\rails_apps\killermobi\app\views\base\g_search.rhtml --> jubilee.dreamhost.com /killermobi.com/new app/app/views/base g_search.rhtml
2011.12.02 09:10 B C:\InstantRails\rails_apps\killermobi\app\views\base\home - old.rhtml --> jubilee.dreamhost.com /killermobi.com/new app/app/views/base home - old.rhtml
2011.12.02 09:10 B C:\InstantRails\rails_apps\killermobi\app\views\base\home.rhtml --> jubilee.dreamhost.com /killermobi.com/new app/app/views/base home.rhtml
2011.12.02 09:10 B C:\InstantRails\rails_apps\killermobi\app\views\base\javame.rhtml --> jubilee.dreamhost.com /killermobi.com/new app/app/views/base javame.rhtml
2011.12.02 09:10 B C:\InstantRails\rails_apps\killermobi\app\views\base\link.rhtml --> jubilee.dreamhost.com /killermobi.com/new app/app/views/base link.rhtml
2011.12.02 09:10 B C:\InstantRails\rails_apps\killermobi\app\views\base\offers.rhtml --> jubilee.dreamhost.com /killermobi.com/new app/app/views/base offers.rhtml
2011.12.02 09:10 B C:\InstantRails\rails_apps\killermobi\app\views\base\private_policy.rhtml --> jubilee.dreamhost.com /killermobi.com/new app/app/views/base private_policy.rhtml
2011.12.02 09:11 B C:\InstantRails\rails_apps\killermobi\app\views\base\rough.rhtml --> jubilee.dreamhost.com /killermobi.com/new app/app/views/base rough.rhtml
2011.12.02 09:11 B C:\InstantRails\rails_apps\killermobi\app\views\base\symbian.rhtml --> jubilee.dreamhost.com /killermobi.com/new app/app/views/base symbian.rhtml
2011.12.02 09:11 B C:\InstantRails\rails_apps\killermobi\app\views\base\windows.rhtml --> jubilee.dreamhost.com /killermobi.com/new app/app/views/base windows.rhtml
2012.04.10 02:31 B C:\InstantRails\rails_apps\killermobi\app\views\base\about.rhtml --> jubilee.dreamhost.com /killermobi.com/app/views/base about.rhtml
2012.04.10 02:31 B C:\InstantRails\rails_apps\killermobi\app\views\base\home.rhtml --> jubilee.dreamhost.com /killermobi.com/app/views/base home.rhtml
2012.04.10 02:31 B C:\InstantRails\rails_apps\killermobi\app\views\base\WS_FTP.LOG --> jubilee.dreamhost.com /killermobi.com/app/views/base WS_FTP.LOG
2012.04.11 10:13 B C:\InstantRails\rails_apps\killermobi\app\views\base\home.rhtml --> jubilee.dreamhost.com /killermobi.com/app/views/base home.rhtml
2012.04.12 01:47 B C:\InstantRails\rails_apps\killermobi\app\views\base\about.rhtml --> jubilee.dreamhost.com /killermobi.com/app/views/base about.rhtml
2012.04.12 01:47 B C:\InstantRails\rails_apps\killermobi\app\views\base\home.rhtml --> jubilee.dreamhost.com /killermobi.com/app/views/base home.rhtml
