2010.08.23 23:13 B C:\InstantRails\rails_apps\omc\app\views\admin\edit.rhtml --> jubilee.dreamhost.com /killermobi.com/app/views/admin edit.rhtml
2010.08.23 23:14 B C:\InstantRails\rails_apps\omc\app\views\admin\index.rhtml --> jubilee.dreamhost.com /killermobi.com/app/views/admin index.rhtml
2010.08.24 07:24 B C:\InstantRails\rails_apps\omc\app\views\admin\WS_FTP.LOG --> jubilee.dreamhost.com /killermobi.com/app/views/admin WS_FTP.LOG
2010.10.20 21:36 B C:\InstantRails\rails_apps\omc\app\views\admin\edit.rhtml --> jubilee.dreamhost.com /killermobi.com/app/views/admin edit.rhtml
2010.10.20 21:37 B C:\InstantRails\rails_apps\omc\app\views\admin\index.rhtml --> jubilee.dreamhost.com /killermobi.com/app/views/admin index.rhtml
2010.10.20 21:37 B C:\InstantRails\rails_apps\omc\app\views\admin\WS_FTP.LOG --> jubilee.dreamhost.com /killermobi.com/app/views/admin WS_FTP.LOG
2010.12.19 12:07 B C:\InstantRails\rails_apps\omc\app\views\admin\index.rhtml --> jubilee.dreamhost.com /killermobi.com/app/views/admin index.rhtml
2010.12.19 12:07 B C:\InstantRails\rails_apps\omc\app\views\admin\WS_FTP.LOG --> jubilee.dreamhost.com /killermobi.com/app/views/admin WS_FTP.LOG
2010.12.21 22:57 B C:\InstantRails\rails_apps\omc\app\views\admin\WS_FTP.LOG --> jubilee.dreamhost.com /killermobi.com/app/views/admin WS_FTP.LOG
2011.02.15 10:10 B C:\InstantRails\rails_apps\omc\app\views\admin\index.rhtml --> jubilee.dreamhost.com /killermobi.com/app/views/admin index.rhtml
2011.02.15 10:10 B C:\InstantRails\rails_apps\omc\app\views\admin\WS_FTP.LOG --> jubilee.dreamhost.com /killermobi.com/app/views/admin WS_FTP.LOG
2011.06.27 00:34 B C:\InstantRails\rails_apps\omc\app\views\admin\generate_licence.rhtml --> jubilee.dreamhost.com /killermobi.com/app/views/admin generate_licence.rhtml
2011.06.27 00:34 B C:\InstantRails\rails_apps\omc\app\views\admin\index.rhtml --> jubilee.dreamhost.com /killermobi.com/app/views/admin index.rhtml
2011.06.27 00:34 B C:\InstantRails\rails_apps\omc\app\views\admin\licence.rhtml --> jubilee.dreamhost.com /killermobi.com/app/views/admin licence.rhtml
2011.07.10 21:11 B C:\InstantRails\rails_apps\omc\app\views\admin\add_bulk.erb --> jubilee.dreamhost.com /killermobi.com/app/views/admin add_bulk.erb
2011.07.10 21:11 B C:\InstantRails\rails_apps\omc\app\views\admin\experiment.erb --> jubilee.dreamhost.com /killermobi.com/app/views/admin experiment.erb
2011.07.10 22:27 B C:\InstantRails\rails_apps\omc\app\views\admin\add_bulk.erb --> jubilee.dreamhost.com /killermobi.com/app/views/admin add_bulk.erb
2011.07.10 22:54 B C:\InstantRails\rails_apps\omc\app\views\admin\add_bulk.erb --> jubilee.dreamhost.com /killermobi.com/app/views/admin add_bulk.erb
2011.07.11 01:46 B C:\InstantRails\rails_apps\omc\app\views\admin\experiment.erb --> jubilee.dreamhost.com /killermobi.com/app/views/admin experiment.erb
2011.07.13 02:08 B C:\InstantRails\rails_apps\omc\app\views\admin\add_bulk.erb --> jubilee.dreamhost.com /killermobi.com/app/views/admin add_bulk.erb
2011.07.13 02:08 B C:\InstantRails\rails_apps\omc\app\views\admin\experiment.erb --> jubilee.dreamhost.com /killermobi.com/app/views/admin experiment.erb
2011.07.13 23:26 B C:\InstantRails\rails_apps\omc\app\views\admin\add_bulk.erb --> jubilee.dreamhost.com /killermobi.com/app/views/admin add_bulk.erb
2011.07.19 02:12 B C:\InstantRails\rails_apps\omc\app\views\admin\experiment.erb --> jubilee.dreamhost.com /killermobi.com/app/views/admin experiment.erb
2011.08.07 17:37 B C:\InstantRails\rails_apps\omc\app\views\admin\edit.rhtml <-- killermobi /killermobi.com/app/views/admin edit.rhtml
2011.08.13 13:42 B C:\InstantRails\rails_apps\omc\app\views\admin\index.rhtml --> jubilee.dreamhost.com /killermobi.com/app/views/admin index.rhtml
2011.10.26 01:15 B C:\InstantRails\rails_apps\omc\app\views\admin\#add_bulk.erb# --> jubilee.dreamhost.com /killermobi.com/app/views/admin #add_bulk.erb#
2011.10.26 01:15 B C:\InstantRails\rails_apps\omc\app\views\admin\add_bulk.erb --> jubilee.dreamhost.com /killermobi.com/app/views/admin add_bulk.erb
2011.10.26 01:15 B C:\InstantRails\rails_apps\omc\app\views\admin\experiment.erb --> jubilee.dreamhost.com /killermobi.com/app/views/admin experiment.erb
2011.10.26 01:15 B C:\InstantRails\rails_apps\omc\app\views\admin\generate_licence.rhtml --> jubilee.dreamhost.com /killermobi.com/app/views/admin generate_licence.rhtml
2011.10.26 01:15 B C:\InstantRails\rails_apps\omc\app\views\admin\index.rhtml --> jubilee.dreamhost.com /killermobi.com/app/views/admin index.rhtml
2011.10.26 01:16 B C:\InstantRails\rails_apps\omc\app\views\admin\licence.rhtml --> jubilee.dreamhost.com /killermobi.com/app/views/admin licence.rhtml
2011.10.26 01:16 B C:\InstantRails\rails_apps\omc\app\views\admin\WS_FTP.LOG --> jubilee.dreamhost.com /killermobi.com/app/views/admin WS_FTP.LOG
2011.12.02 09:10 B C:\InstantRails\rails_apps\killermobi\app\views\admin\#add_bulk.erb# --> jubilee.dreamhost.com /killermobi.com/new app/app/views/admin #add_bulk.erb#
2011.12.02 09:10 B C:\InstantRails\rails_apps\killermobi\app\views\admin\add_bulk.erb --> jubilee.dreamhost.com /killermobi.com/new app/app/views/admin add_bulk.erb
2011.12.02 09:10 B C:\InstantRails\rails_apps\killermobi\app\views\admin\edit.rhtml --> jubilee.dreamhost.com /killermobi.com/new app/app/views/admin edit.rhtml
2011.12.02 09:10 B C:\InstantRails\rails_apps\killermobi\app\views\admin\experiment.erb --> jubilee.dreamhost.com /killermobi.com/new app/app/views/admin experiment.erb
2011.12.02 09:10 B C:\InstantRails\rails_apps\killermobi\app\views\admin\generate_licence.rhtml --> jubilee.dreamhost.com /killermobi.com/new app/app/views/admin generate_licence.rhtml
2011.12.02 09:10 B C:\InstantRails\rails_apps\killermobi\app\views\admin\index.rhtml --> jubilee.dreamhost.com /killermobi.com/new app/app/views/admin index.rhtml
2011.12.02 09:10 B C:\InstantRails\rails_apps\killermobi\app\views\admin\licence.rhtml --> jubilee.dreamhost.com /killermobi.com/new app/app/views/admin licence.rhtml
2011.12.02 09:10 B C:\InstantRails\rails_apps\killermobi\app\views\admin\send_notification.rhtml --> jubilee.dreamhost.com /killermobi.com/new app/app/views/admin send_notification.rhtml
