2010.08.11 10:06 B C:\InstantRails\rails_apps\omc\app\views\users\_user.rhtml --> jubilee.dreamhost.com /killermobi.com/app/views/users _user.rhtml
2010.08.11 10:06 B C:\InstantRails\rails_apps\omc\app\views\users\edit.html.erb --> jubilee.dreamhost.com /killermobi.com/app/views/users edit.html.erb
2010.08.11 10:06 B C:\InstantRails\rails_apps\omc\app\views\users\enable.html.erb --> jubilee.dreamhost.com /killermobi.com/app/views/users enable.html.erb
2010.08.11 10:06 B C:\InstantRails\rails_apps\omc\app\views\users\index.html.erb --> jubilee.dreamhost.com /killermobi.com/app/views/users index.html.erb
2010.08.11 10:06 B C:\InstantRails\rails_apps\omc\app\views\users\new.html.erb --> jubilee.dreamhost.com /killermobi.com/app/views/users new.html.erb
2010.08.11 10:06 B C:\InstantRails\rails_apps\omc\app\views\users\show.html.erb --> jubilee.dreamhost.com /killermobi.com/app/views/users show.html.erb
2010.08.13 01:47 B C:\InstantRails\rails_apps\omc\app\views\users\WS_FTP.LOG --> jubilee.dreamhost.com /killermobi.com/app/views/users WS_FTP.LOG
2010.08.15 02:29 B C:\InstantRails\rails_apps\omc\app\views\users\WS_FTP.LOG --> jubilee.dreamhost.com /killermobi.com/app/views/users WS_FTP.LOG
2010.08.16 14:09 B C:\InstantRails\rails_apps\omc\app\views\users\WS_FTP.LOG --> jubilee.dreamhost.com /killermobi.com/app/views/users WS_FTP.LOG
2010.08.24 07:32 B C:\InstantRails\rails_apps\omc\app\views\users\WS_FTP.LOG --> jubilee.dreamhost.com /killermobi.com/app/views/users WS_FTP.LOG
2010.08.26 23:05 B C:\InstantRails\rails_apps\omc\app\views\users\WS_FTP.LOG --> jubilee.dreamhost.com /killermobi.com/app/views/users WS_FTP.LOG
2010.08.28 17:55 B C:\InstantRails\rails_apps\omc\app\views\users\new.html.erb --> jubilee.dreamhost.com /killermobi.com/app/views/users new.html.erb
2010.10.20 21:49 B C:\InstantRails\rails_apps\omc\app\views\users\edit.html.erb --> jubilee.dreamhost.com /killermobi.com/app/views/users edit.html.erb
2010.10.20 21:49 B C:\InstantRails\rails_apps\omc\app\views\users\index.html.erb --> jubilee.dreamhost.com /killermobi.com/app/views/users index.html.erb
2010.10.20 21:50 B C:\InstantRails\rails_apps\omc\app\views\users\new.html.erb --> jubilee.dreamhost.com /killermobi.com/app/views/users new.html.erb
2010.10.20 21:50 B C:\InstantRails\rails_apps\omc\app\views\users\show.html.erb --> jubilee.dreamhost.com /killermobi.com/app/views/users show.html.erb
2010.10.20 21:50 B C:\InstantRails\rails_apps\omc\app\views\users\WS_FTP.LOG --> jubilee.dreamhost.com /killermobi.com/app/views/users WS_FTP.LOG
2010.10.25 17:31 B C:\InstantRails\rails_apps\omc\app\views\users\new.html.erb --> jubilee.dreamhost.com /killermobi.com/app/views/users new.html.erb
2010.12.03 16:48 B C:\InstantRails\rails_apps\omc\app\views\users\new.html.erb --> jubilee.dreamhost.com /killermobi.com/app/views/users new.html.erb
2010.12.03 16:48 B C:\InstantRails\rails_apps\omc\app\views\users\show.html.erb --> jubilee.dreamhost.com /killermobi.com/app/views/users show.html.erb
2010.12.19 12:10 B C:\InstantRails\rails_apps\omc\app\views\users\new.html.erb --> jubilee.dreamhost.com /killermobi.com/app/views/users new.html.erb
2010.12.19 12:10 B C:\InstantRails\rails_apps\omc\app\views\users\show.html.erb --> jubilee.dreamhost.com /killermobi.com/app/views/users show.html.erb
2010.12.19 12:10 B C:\InstantRails\rails_apps\omc\app\views\users\WS_FTP.LOG --> jubilee.dreamhost.com /killermobi.com/app/views/users WS_FTP.LOG
2010.12.21 23:18 B C:\InstantRails\rails_apps\omc\app\views\users\WS_FTP.LOG --> jubilee.dreamhost.com /killermobi.com/app/views/users WS_FTP.LOG
2011.02.15 10:24 B C:\InstantRails\rails_apps\omc\app\views\users\_sidebar.html.erb --> jubilee.dreamhost.com /killermobi.com/app/views/users _sidebar.html.erb
2011.02.15 10:24 B C:\InstantRails\rails_apps\omc\app\views\users\edit.html.erb --> jubilee.dreamhost.com /killermobi.com/app/views/users edit.html.erb
2011.02.15 10:24 B C:\InstantRails\rails_apps\omc\app\views\users\friend_lists.html.erb --> jubilee.dreamhost.com /killermobi.com/app/views/users friend_lists.html.erb
2011.02.15 10:24 B C:\InstantRails\rails_apps\omc\app\views\users\friends.html.erb --> jubilee.dreamhost.com /killermobi.com/app/views/users friends.html.erb
2011.02.15 10:24 B C:\InstantRails\rails_apps\omc\app\views\users\friends_bang.html.erb --> jubilee.dreamhost.com /killermobi.com/app/views/users friends_bang.html.erb
2011.02.15 10:24 B C:\InstantRails\rails_apps\omc\app\views\users\friends_with.html.erb --> jubilee.dreamhost.com /killermobi.com/app/views/users friends_with.html.erb
2011.02.15 10:24 B C:\InstantRails\rails_apps\omc\app\views\users\friends_with_this_app.html.erb --> jubilee.dreamhost.com /killermobi.com/app/views/users friends_with_this_app.html.erb
2011.02.15 10:25 B C:\InstantRails\rails_apps\omc\app\views\users\new.html.erb --> jubilee.dreamhost.com /killermobi.com/app/views/users new.html.erb
2011.02.15 10:25 B C:\InstantRails\rails_apps\omc\app\views\users\populate.html.erb --> jubilee.dreamhost.com /killermobi.com/app/views/users populate.html.erb
2011.02.15 10:25 B C:\InstantRails\rails_apps\omc\app\views\users\show.html.erb --> jubilee.dreamhost.com /killermobi.com/app/views/users show.html.erb
2011.02.15 10:25 B C:\InstantRails\rails_apps\omc\app\views\users\WS_FTP.LOG --> jubilee.dreamhost.com /killermobi.com/app/views/users WS_FTP.LOG
2011.02.20 02:03 B C:\InstantRails\rails_apps\omc\app\views\users\_message.rhtml --> jubilee.dreamhost.com /killermobi.com/app/views/users _message.rhtml
2011.02.20 02:03 B C:\InstantRails\rails_apps\omc\app\views\users\edit.html.erb --> jubilee.dreamhost.com /killermobi.com/app/views/users edit.html.erb
2011.02.20 02:04 B C:\InstantRails\rails_apps\omc\app\views\users\new.html.erb --> jubilee.dreamhost.com /killermobi.com/app/views/users new.html.erb
2011.08.07 17:52 B C:\InstantRails\rails_apps\omc\app\views\users\_message.rhtml <-- killermobi /killermobi.com/app/views/users _message.rhtml
2011.08.07 17:52 B C:\InstantRails\rails_apps\omc\app\views\users\_sidebar.html.erb <-- killermobi /killermobi.com/app/views/users _sidebar.html.erb
2011.08.07 17:52 B C:\InstantRails\rails_apps\omc\app\views\users\_user.rhtml <-- killermobi /killermobi.com/app/views/users _user.rhtml
2011.08.07 17:52 B C:\InstantRails\rails_apps\omc\app\views\users\edit.html.erb <-- killermobi /killermobi.com/app/views/users edit.html.erb
2011.08.07 17:52 B C:\InstantRails\rails_apps\omc\app\views\users\enable.html.erb <-- killermobi /killermobi.com/app/views/users enable.html.erb
2011.08.07 17:52 B C:\InstantRails\rails_apps\omc\app\views\users\friend_lists.html.erb <-- killermobi /killermobi.com/app/views/users friend_lists.html.erb
2011.08.07 17:52 B C:\InstantRails\rails_apps\omc\app\views\users\friends.html.erb <-- killermobi /killermobi.com/app/views/users friends.html.erb
2011.08.07 17:52 B C:\InstantRails\rails_apps\omc\app\views\users\friends_bang.html.erb <-- killermobi /killermobi.com/app/views/users friends_bang.html.erb
2011.08.07 17:52 B C:\InstantRails\rails_apps\omc\app\views\users\friends_with.html.erb <-- killermobi /killermobi.com/app/views/users friends_with.html.erb
2011.08.07 17:52 B C:\InstantRails\rails_apps\omc\app\views\users\friends_with_this_app.html.erb <-- killermobi /killermobi.com/app/views/users friends_with_this_app.html.erb
2011.08.07 17:52 B C:\InstantRails\rails_apps\omc\app\views\users\index.html.erb <-- killermobi /killermobi.com/app/views/users index.html.erb
2011.08.07 17:52 B C:\InstantRails\rails_apps\omc\app\views\users\new.html.erb <-- killermobi /killermobi.com/app/views/users new.html.erb
2011.08.07 17:52 B C:\InstantRails\rails_apps\omc\app\views\users\populate.html.erb <-- killermobi /killermobi.com/app/views/users populate.html.erb
2011.08.07 17:52 B C:\InstantRails\rails_apps\omc\app\views\users\show.html.erb <-- killermobi /killermobi.com/app/views/users show.html.erb
2011.08.29 23:04 B C:\InstantRails\rails_apps\omc\app\views\users\_changed_profile_pic.erb --> jubilee.dreamhost.com /killermobi.com/app/views/users _changed_profile_pic.erb
2011.08.29 23:04 B C:\InstantRails\rails_apps\omc\app\views\users\_edit_profile_basic.rhtml --> jubilee.dreamhost.com /killermobi.com/app/views/users _edit_profile_basic.rhtml
2011.08.29 23:04 B C:\InstantRails\rails_apps\omc\app\views\users\_edit_social_profile.erb --> jubilee.dreamhost.com /killermobi.com/app/views/users _edit_social_profile.erb
2011.08.29 23:04 B C:\InstantRails\rails_apps\omc\app\views\users\_killermobi_suggestions_show_partial.erb --> jubilee.dreamhost.com /killermobi.com/app/views/users _killermobi_suggestions_show_partial.erb
2011.08.29 23:04 B C:\InstantRails\rails_apps\omc\app\views\users\_loading.erb --> jubilee.dreamhost.com /killermobi.com/app/views/users _loading.erb
2011.08.29 23:04 B C:\InstantRails\rails_apps\omc\app\views\users\_loading_section.erb --> jubilee.dreamhost.com /killermobi.com/app/views/users _loading_section.erb
2011.08.29 23:04 B C:\InstantRails\rails_apps\omc\app\views\users\_message.rhtml --> jubilee.dreamhost.com /killermobi.com/app/views/users _message.rhtml
2011.08.29 23:04 B C:\InstantRails\rails_apps\omc\app\views\users\_my_downloads_show_partial.erb --> jubilee.dreamhost.com /killermobi.com/app/views/users _my_downloads_show_partial.erb
2011.08.29 23:04 B C:\InstantRails\rails_apps\omc\app\views\users\_my_friends_show_partial.erb --> jubilee.dreamhost.com /killermobi.com/app/views/users _my_friends_show_partial.erb
2011.08.29 23:04 B C:\InstantRails\rails_apps\omc\app\views\users\_my_mobimates_show_partial.erb --> jubilee.dreamhost.com /killermobi.com/app/views/users _my_mobimates_show_partial.erb
2011.08.29 23:04 B C:\InstantRails\rails_apps\omc\app\views\users\_my_profile_show_partial.erb --> jubilee.dreamhost.com /killermobi.com/app/views/users _my_profile_show_partial.erb
2011.08.29 23:04 B C:\InstantRails\rails_apps\omc\app\views\users\_my_uploads_show_partial.erb --> jubilee.dreamhost.com /killermobi.com/app/views/users _my_uploads_show_partial.erb
2011.08.29 23:04 B C:\InstantRails\rails_apps\omc\app\views\users\_sidebar.html.erb --> jubilee.dreamhost.com /killermobi.com/app/views/users _sidebar.html.erb
2011.08.29 23:04 B C:\InstantRails\rails_apps\omc\app\views\users\_update_section.erb --> jubilee.dreamhost.com /killermobi.com/app/views/users _update_section.erb
2011.08.29 23:04 B C:\InstantRails\rails_apps\omc\app\views\users\_upload_apps.erb --> jubilee.dreamhost.com /killermobi.com/app/views/users _upload_apps.erb
2011.08.29 23:04 B C:\InstantRails\rails_apps\omc\app\views\users\_upload_apps_form_view1.erb --> jubilee.dreamhost.com /killermobi.com/app/views/users _upload_apps_form_view1.erb
2011.08.29 23:04 B C:\InstantRails\rails_apps\omc\app\views\users\_upload_apps_form_view2.erb --> jubilee.dreamhost.com /killermobi.com/app/views/users _upload_apps_form_view2.erb
2011.08.29 23:04 B C:\InstantRails\rails_apps\omc\app\views\users\_upload_apps_form_view3.erb --> jubilee.dreamhost.com /killermobi.com/app/views/users _upload_apps_form_view3.erb
2011.08.29 23:04 B C:\InstantRails\rails_apps\omc\app\views\users\_upload_profile_pic.erb --> jubilee.dreamhost.com /killermobi.com/app/views/users _upload_profile_pic.erb
2011.08.29 23:04 B C:\InstantRails\rails_apps\omc\app\views\users\edit.html.erb --> jubilee.dreamhost.com /killermobi.com/app/views/users edit.html.erb
2011.08.29 23:04 B C:\InstantRails\rails_apps\omc\app\views\users\new.html.erb --> jubilee.dreamhost.com /killermobi.com/app/views/users new.html.erb
2011.08.29 23:04 B C:\InstantRails\rails_apps\omc\app\views\users\profile.erb --> jubilee.dreamhost.com /killermobi.com/app/views/users profile.erb
2011.08.29 23:04 B C:\InstantRails\rails_apps\omc\app\views\users\show.html.erb --> jubilee.dreamhost.com /killermobi.com/app/views/users show.html.erb
2011.08.29 23:04 B C:\InstantRails\rails_apps\omc\app\views\users\WS_FTP.LOG --> jubilee.dreamhost.com /killermobi.com/app/views/users WS_FTP.LOG
2011.10.26 01:26 B C:\InstantRails\rails_apps\omc\app\views\users\_loading_section.erb --> jubilee.dreamhost.com /killermobi.com/app/views/users _loading_section.erb
2011.10.26 01:27 B C:\InstantRails\rails_apps\omc\app\views\users\_share_apps_form_view1.erb --> jubilee.dreamhost.com /killermobi.com/app/views/users _share_apps_form_view1.erb
2011.10.26 01:27 B C:\InstantRails\rails_apps\omc\app\views\users\_share_apps_form_view2.erb --> jubilee.dreamhost.com /killermobi.com/app/views/users _share_apps_form_view2.erb
2011.10.26 01:27 B C:\InstantRails\rails_apps\omc\app\views\users\_update_section.erb --> jubilee.dreamhost.com /killermobi.com/app/views/users _update_section.erb
2011.10.26 01:27 B C:\InstantRails\rails_apps\omc\app\views\users\_upload_apps.erb --> jubilee.dreamhost.com /killermobi.com/app/views/users _upload_apps.erb
2011.10.26 01:27 B C:\InstantRails\rails_apps\omc\app\views\users\_upload_apps_form_view1.erb --> jubilee.dreamhost.com /killermobi.com/app/views/users _upload_apps_form_view1.erb
2011.10.26 01:27 B C:\InstantRails\rails_apps\omc\app\views\users\_upload_apps_form_view2.erb --> jubilee.dreamhost.com /killermobi.com/app/views/users _upload_apps_form_view2.erb
2011.10.26 01:27 B C:\InstantRails\rails_apps\omc\app\views\users\_upload_apps_form_view3.erb --> jubilee.dreamhost.com /killermobi.com/app/views/users _upload_apps_form_view3.erb
2011.10.26 01:27 B C:\InstantRails\rails_apps\omc\app\views\users\_upload_apps_form_view4.erb --> jubilee.dreamhost.com /killermobi.com/app/views/users _upload_apps_form_view4.erb
2011.10.26 01:27 B C:\InstantRails\rails_apps\omc\app\views\users\_upload_profile_pic.erb --> jubilee.dreamhost.com /killermobi.com/app/views/users _upload_profile_pic.erb
2011.10.26 01:27 B C:\InstantRails\rails_apps\omc\app\views\users\_uploaded_file.erb --> jubilee.dreamhost.com /killermobi.com/app/views/users _uploaded_file.erb
2011.10.26 01:27 B C:\InstantRails\rails_apps\omc\app\views\users\show.html.erb --> jubilee.dreamhost.com /killermobi.com/app/views/users show.html.erb
2011.10.26 01:27 B C:\InstantRails\rails_apps\omc\app\views\users\WS_FTP.LOG --> jubilee.dreamhost.com /killermobi.com/app/views/users WS_FTP.LOG
2011.12.02 09:16 B C:\InstantRails\rails_apps\killermobi\app\views\users\_changed_profile_pic.erb --> jubilee.dreamhost.com /killermobi.com/new app/app/views/users _changed_profile_pic.erb
2011.12.02 09:16 B C:\InstantRails\rails_apps\killermobi\app\views\users\_edit_profile_basic.rhtml --> jubilee.dreamhost.com /killermobi.com/new app/app/views/users _edit_profile_basic.rhtml
2011.12.02 09:16 B C:\InstantRails\rails_apps\killermobi\app\views\users\_edit_social_profile.erb --> jubilee.dreamhost.com /killermobi.com/new app/app/views/users _edit_social_profile.erb
2011.12.02 09:16 B C:\InstantRails\rails_apps\killermobi\app\views\users\_killermobi_suggestions_show_partial.erb --> jubilee.dreamhost.com /killermobi.com/new app/app/views/users _killermobi_suggestions_show_partial.erb
2011.12.02 09:16 B C:\InstantRails\rails_apps\killermobi\app\views\users\_loading.erb --> jubilee.dreamhost.com /killermobi.com/new app/app/views/users _loading.erb
2011.12.02 09:16 B C:\InstantRails\rails_apps\killermobi\app\views\users\_loading_section.erb --> jubilee.dreamhost.com /killermobi.com/new app/app/views/users _loading_section.erb
2011.12.02 09:16 B C:\InstantRails\rails_apps\killermobi\app\views\users\_message.rhtml --> jubilee.dreamhost.com /killermobi.com/new app/app/views/users _message.rhtml
2011.12.02 09:16 B C:\InstantRails\rails_apps\killermobi\app\views\users\_my_downloads_show_partial.erb --> jubilee.dreamhost.com /killermobi.com/new app/app/views/users _my_downloads_show_partial.erb
2011.12.02 09:16 B C:\InstantRails\rails_apps\killermobi\app\views\users\_my_friends_show_partial.erb --> jubilee.dreamhost.com /killermobi.com/new app/app/views/users _my_friends_show_partial.erb
2011.12.02 09:16 B C:\InstantRails\rails_apps\killermobi\app\views\users\_my_mobimates_show_partial.erb --> jubilee.dreamhost.com /killermobi.com/new app/app/views/users _my_mobimates_show_partial.erb
2011.12.02 09:16 B C:\InstantRails\rails_apps\killermobi\app\views\users\_my_profile_show_partial.erb --> jubilee.dreamhost.com /killermobi.com/new app/app/views/users _my_profile_show_partial.erb
2011.12.02 09:16 B C:\InstantRails\rails_apps\killermobi\app\views\users\_my_uploads_show_partial.erb --> jubilee.dreamhost.com /killermobi.com/new app/app/views/users _my_uploads_show_partial.erb
2011.12.02 09:16 B C:\InstantRails\rails_apps\killermobi\app\views\users\_share_apps_form_view1.erb --> jubilee.dreamhost.com /killermobi.com/new app/app/views/users _share_apps_form_view1.erb
2011.12.02 09:16 B C:\InstantRails\rails_apps\killermobi\app\views\users\_share_apps_form_view2.erb --> jubilee.dreamhost.com /killermobi.com/new app/app/views/users _share_apps_form_view2.erb
2011.12.02 09:16 B C:\InstantRails\rails_apps\killermobi\app\views\users\_sidebar.html.erb --> jubilee.dreamhost.com /killermobi.com/new app/app/views/users _sidebar.html.erb
2011.12.02 09:16 B C:\InstantRails\rails_apps\killermobi\app\views\users\_update_section.erb --> jubilee.dreamhost.com /killermobi.com/new app/app/views/users _update_section.erb
2011.12.02 09:16 B C:\InstantRails\rails_apps\killermobi\app\views\users\_upload_apps.erb --> jubilee.dreamhost.com /killermobi.com/new app/app/views/users _upload_apps.erb
2011.12.02 09:16 B C:\InstantRails\rails_apps\killermobi\app\views\users\_upload_apps_form_view1.erb --> jubilee.dreamhost.com /killermobi.com/new app/app/views/users _upload_apps_form_view1.erb
2011.12.02 09:16 B C:\InstantRails\rails_apps\killermobi\app\views\users\_upload_apps_form_view2.erb --> jubilee.dreamhost.com /killermobi.com/new app/app/views/users _upload_apps_form_view2.erb
2011.12.02 09:16 B C:\InstantRails\rails_apps\killermobi\app\views\users\_upload_apps_form_view3.erb --> jubilee.dreamhost.com /killermobi.com/new app/app/views/users _upload_apps_form_view3.erb
2011.12.02 09:16 B C:\InstantRails\rails_apps\killermobi\app\views\users\_upload_apps_form_view4.erb --> jubilee.dreamhost.com /killermobi.com/new app/app/views/users _upload_apps_form_view4.erb
2011.12.02 09:16 B C:\InstantRails\rails_apps\killermobi\app\views\users\_upload_profile_pic.erb --> jubilee.dreamhost.com /killermobi.com/new app/app/views/users _upload_profile_pic.erb
2011.12.02 09:16 B C:\InstantRails\rails_apps\killermobi\app\views\users\_uploaded_file.erb --> jubilee.dreamhost.com /killermobi.com/new app/app/views/users _uploaded_file.erb
2011.12.02 09:16 B C:\InstantRails\rails_apps\killermobi\app\views\users\_user.rhtml --> jubilee.dreamhost.com /killermobi.com/new app/app/views/users _user.rhtml
2011.12.02 09:16 B C:\InstantRails\rails_apps\killermobi\app\views\users\edit.html.erb --> jubilee.dreamhost.com /killermobi.com/new app/app/views/users edit.html.erb
2011.12.02 09:16 B C:\InstantRails\rails_apps\killermobi\app\views\users\new.html.erb --> jubilee.dreamhost.com /killermobi.com/new app/app/views/users new.html.erb
2011.12.02 09:16 B C:\InstantRails\rails_apps\killermobi\app\views\users\profile.erb --> jubilee.dreamhost.com /killermobi.com/new app/app/views/users profile.erb
2011.12.02 09:16 B C:\InstantRails\rails_apps\killermobi\app\views\users\show.html.erb --> jubilee.dreamhost.com /killermobi.com/new app/app/views/users show.html.erb
2011.12.02 09:16 B C:\InstantRails\rails_apps\killermobi\app\views\users\WS_FTP.LOG --> jubilee.dreamhost.com /killermobi.com/new app/app/views/users WS_FTP.LOG
2011.12.06 03:17 B C:\InstantRails\rails_apps\killermobi\app\views\users\profile.erb --> jubilee.dreamhost.com /killermobi.com/app/views/users profile.erb
2012.04.10 02:36 B C:\InstantRails\rails_apps\killermobi\app\views\users\_edit_social_profile.erb --> jubilee.dreamhost.com /killermobi.com/app/views/users _edit_social_profile.erb
2012.04.10 02:36 B C:\InstantRails\rails_apps\killermobi\app\views\users\_killermobi_suggestions_show_partial.erb --> jubilee.dreamhost.com /killermobi.com/app/views/users _killermobi_suggestions_show_partial.erb
2012.04.10 02:36 B C:\InstantRails\rails_apps\killermobi\app\views\users\_my_downloads_show_partial.erb --> jubilee.dreamhost.com /killermobi.com/app/views/users _my_downloads_show_partial.erb
2012.04.10 02:36 B C:\InstantRails\rails_apps\killermobi\app\views\users\_my_friends_show_partial.erb --> jubilee.dreamhost.com /killermobi.com/app/views/users _my_friends_show_partial.erb
2012.04.10 02:36 B C:\InstantRails\rails_apps\killermobi\app\views\users\_my_mobimates_show_partial.erb --> jubilee.dreamhost.com /killermobi.com/app/views/users _my_mobimates_show_partial.erb
2012.04.10 02:36 B C:\InstantRails\rails_apps\killermobi\app\views\users\_my_profile_show_partial.erb --> jubilee.dreamhost.com /killermobi.com/app/views/users _my_profile_show_partial.erb
2012.04.10 02:36 B C:\InstantRails\rails_apps\killermobi\app\views\users\_my_uploads_show_partial.erb --> jubilee.dreamhost.com /killermobi.com/app/views/users _my_uploads_show_partial.erb
2012.04.10 02:36 B C:\InstantRails\rails_apps\killermobi\app\views\users\_update_section.erb --> jubilee.dreamhost.com /killermobi.com/app/views/users _update_section.erb
2012.04.10 02:36 B C:\InstantRails\rails_apps\killermobi\app\views\users\profile.erb --> jubilee.dreamhost.com /killermobi.com/app/views/users profile.erb
2012.04.10 02:36 B C:\InstantRails\rails_apps\killermobi\app\views\users\show.html.erb --> jubilee.dreamhost.com /killermobi.com/app/views/users show.html.erb
