2011.02.15 10:20 B C:\InstantRails\rails_apps\omc\app\views\mobile\downloads\index.rhtml --> jubilee.dreamhost.com /killermobi.com/app/views/mobile/downloads index.rhtml
2011.02.15 10:20 B C:\InstantRails\rails_apps\omc\app\views\mobile\downloads\options.rhtml --> jubilee.dreamhost.com /killermobi.com/app/views/mobile/downloads options.rhtml
2011.02.15 10:20 B C:\InstantRails\rails_apps\omc\app\views\mobile\downloads\screenshots.rhtml --> jubilee.dreamhost.com /killermobi.com/app/views/mobile/downloads screenshots.rhtml
2011.02.15 10:20 B C:\InstantRails\rails_apps\omc\app\views\mobile\downloads\show.rhtml --> jubilee.dreamhost.com /killermobi.com/app/views/mobile/downloads show.rhtml
2011.02.28 01:57 B C:\InstantRails\rails_apps\omc\app\views\mobile\downloads\screenshots.rhtml --> jubilee.dreamhost.com /killermobi.com/app/views/mobile/downloads screenshots.rhtml
2011.08.13 16:22 B C:\InstantRails\rails_apps\omc\app\views\mobile\downloads\index.rhtml --> jubilee.dreamhost.com /killermobi.com/app/views/mobile/downloads index.rhtml
2011.08.13 16:22 B C:\InstantRails\rails_apps\omc\app\views\mobile\downloads\options.rhtml --> jubilee.dreamhost.com /killermobi.com/app/views/mobile/downloads options.rhtml
2011.08.13 16:22 B C:\InstantRails\rails_apps\omc\app\views\mobile\downloads\screenshots.rhtml --> jubilee.dreamhost.com /killermobi.com/app/views/mobile/downloads screenshots.rhtml
2011.08.13 16:22 B C:\InstantRails\rails_apps\omc\app\views\mobile\downloads\show.rhtml --> jubilee.dreamhost.com /killermobi.com/app/views/mobile/downloads show.rhtml
2011.08.13 16:22 B C:\InstantRails\rails_apps\omc\app\views\mobile\downloads\WS_FTP.LOG --> jubilee.dreamhost.com /killermobi.com/app/views/mobile/downloads WS_FTP.LOG
2011.08.14 00:01 B C:\InstantRails\rails_apps\omc\app\views\mobile\downloads\index.rhtml --> jubilee.dreamhost.com /killermobi.com/app/views/mobile/downloads index.rhtml
2011.08.14 00:02 B C:\InstantRails\rails_apps\omc\app\views\mobile\downloads\options.rhtml --> jubilee.dreamhost.com /killermobi.com/app/views/mobile/downloads options.rhtml
2011.08.14 00:02 B C:\InstantRails\rails_apps\omc\app\views\mobile\downloads\screenshots.rhtml --> jubilee.dreamhost.com /killermobi.com/app/views/mobile/downloads screenshots.rhtml
2011.08.14 00:02 B C:\InstantRails\rails_apps\omc\app\views\mobile\downloads\show.rhtml --> jubilee.dreamhost.com /killermobi.com/app/views/mobile/downloads show.rhtml
2011.08.14 00:02 B C:\InstantRails\rails_apps\omc\app\views\mobile\downloads\WS_FTP.LOG --> jubilee.dreamhost.com /killermobi.com/app/views/mobile/downloads WS_FTP.LOG
2011.10.26 01:22 B C:\InstantRails\rails_apps\omc\app\views\mobile\downloads\index.rhtml --> jubilee.dreamhost.com /killermobi.com/app/views/mobile/downloads index.rhtml
2011.10.26 01:22 B C:\InstantRails\rails_apps\omc\app\views\mobile\downloads\WS_FTP.LOG --> jubilee.dreamhost.com /killermobi.com/app/views/mobile/downloads WS_FTP.LOG
2011.12.02 09:13 B C:\InstantRails\rails_apps\killermobi\app\views\mobile\downloads\index.rhtml --> jubilee.dreamhost.com /killermobi.com/new app/app/views/mobile/downloads index.rhtml
2011.12.02 09:14 B C:\InstantRails\rails_apps\killermobi\app\views\mobile\downloads\options.rhtml --> jubilee.dreamhost.com /killermobi.com/new app/app/views/mobile/downloads options.rhtml
2011.12.02 09:14 B C:\InstantRails\rails_apps\killermobi\app\views\mobile\downloads\screenshots.rhtml --> jubilee.dreamhost.com /killermobi.com/new app/app/views/mobile/downloads screenshots.rhtml
2011.12.02 09:14 B C:\InstantRails\rails_apps\killermobi\app\views\mobile\downloads\show.rhtml --> jubilee.dreamhost.com /killermobi.com/new app/app/views/mobile/downloads show.rhtml
2011.12.02 09:14 B C:\InstantRails\rails_apps\killermobi\app\views\mobile\downloads\WS_FTP.LOG --> jubilee.dreamhost.com /killermobi.com/new app/app/views/mobile/downloads WS_FTP.LOG
2011.12.10 12:40 B C:\InstantRails\rails_apps\killermobi\app\views\mobile\downloads\show.rhtml --> jubilee.dreamhost.com /killermobi.com/app/views/mobile/downloads show.rhtml
2011.12.10 12:48 B C:\InstantRails\rails_apps\killermobi\app\views\mobile\downloads\show.rhtml --> jubilee.dreamhost.com /killermobi.com/app/views/mobile/downloads show.rhtml
2011.12.10 12:48 B C:\InstantRails\rails_apps\killermobi\app\views\mobile\downloads\WS_FTP.LOG --> jubilee.dreamhost.com /killermobi.com/app/views/mobile/downloads WS_FTP.LOG
2012.04.10 02:34 B C:\InstantRails\rails_apps\killermobi\app\views\mobile\downloads\show.rhtml --> jubilee.dreamhost.com /killermobi.com/app/views/mobile/downloads show.rhtml
