2010.08.11 10:05 B C:\InstantRails\rails_apps\omc\app\views\posts\edit.html.erb --> jubilee.dreamhost.com /killermobi.com/app/views/posts edit.html.erb
2010.08.11 10:05 B C:\InstantRails\rails_apps\omc\app\views\posts\edit.html.erb.bak --> jubilee.dreamhost.com /killermobi.com/app/views/posts edit.html.erb.bak
2010.08.11 10:05 B C:\InstantRails\rails_apps\omc\app\views\posts\index.html.erb --> jubilee.dreamhost.com /killermobi.com/app/views/posts index.html.erb
2010.08.11 10:05 B C:\InstantRails\rails_apps\omc\app\views\posts\index.html.erb.bak --> jubilee.dreamhost.com /killermobi.com/app/views/posts index.html.erb.bak
2010.08.11 10:05 B C:\InstantRails\rails_apps\omc\app\views\posts\new.html.erb --> jubilee.dreamhost.com /killermobi.com/app/views/posts new.html.erb
2010.08.11 10:05 B C:\InstantRails\rails_apps\omc\app\views\posts\new.html.erb.bak --> jubilee.dreamhost.com /killermobi.com/app/views/posts new.html.erb.bak
2010.08.11 10:05 B C:\InstantRails\rails_apps\omc\app\views\posts\show.html.erb --> jubilee.dreamhost.com /killermobi.com/app/views/posts show.html.erb
2010.08.13 01:46 B C:\InstantRails\rails_apps\omc\app\views\posts\WS_FTP.LOG --> jubilee.dreamhost.com /killermobi.com/app/views/posts WS_FTP.LOG
2010.08.15 02:27 B C:\InstantRails\rails_apps\omc\app\views\posts\index.html.erb --> jubilee.dreamhost.com /killermobi.com/app/views/posts index.html.erb
2010.08.15 02:27 B C:\InstantRails\rails_apps\omc\app\views\posts\new.html.erb --> jubilee.dreamhost.com /killermobi.com/app/views/posts new.html.erb
2010.08.15 02:27 B C:\InstantRails\rails_apps\omc\app\views\posts\WS_FTP.LOG --> jubilee.dreamhost.com /killermobi.com/app/views/posts WS_FTP.LOG
2010.08.16 14:07 B C:\InstantRails\rails_apps\omc\app\views\posts\index.html.erb --> jubilee.dreamhost.com /killermobi.com/app/views/posts index.html.erb
2010.08.16 14:07 B C:\InstantRails\rails_apps\omc\app\views\posts\new.html.erb --> jubilee.dreamhost.com /killermobi.com/app/views/posts new.html.erb
2010.08.16 14:07 B C:\InstantRails\rails_apps\omc\app\views\posts\WS_FTP.LOG --> jubilee.dreamhost.com /killermobi.com/app/views/posts WS_FTP.LOG
2010.08.24 07:31 B C:\InstantRails\rails_apps\omc\app\views\posts\WS_FTP.LOG --> jubilee.dreamhost.com /killermobi.com/app/views/posts WS_FTP.LOG
2010.08.26 23:03 B C:\InstantRails\rails_apps\omc\app\views\posts\index.html.erb --> jubilee.dreamhost.com /killermobi.com/app/views/posts index.html.erb
2010.08.26 23:03 B C:\InstantRails\rails_apps\omc\app\views\posts\WS_FTP.LOG --> jubilee.dreamhost.com /killermobi.com/app/views/posts WS_FTP.LOG
2010.10.20 21:47 B C:\InstantRails\rails_apps\omc\app\views\posts\edit.html.erb --> jubilee.dreamhost.com /killermobi.com/app/views/posts edit.html.erb
2010.10.20 21:47 B C:\InstantRails\rails_apps\omc\app\views\posts\index.html.erb --> jubilee.dreamhost.com /killermobi.com/app/views/posts index.html.erb
2010.10.20 21:47 B C:\InstantRails\rails_apps\omc\app\views\posts\new.html.erb --> jubilee.dreamhost.com /killermobi.com/app/views/posts new.html.erb
2010.10.20 21:47 B C:\InstantRails\rails_apps\omc\app\views\posts\WS_FTP.LOG --> jubilee.dreamhost.com /killermobi.com/app/views/posts WS_FTP.LOG
2010.12.03 16:46 B C:\InstantRails\rails_apps\omc\app\views\posts\index.html.erb --> jubilee.dreamhost.com /killermobi.com/app/views/posts index.html.erb
2010.12.03 16:46 B C:\InstantRails\rails_apps\omc\app\views\posts\new.html.erb --> jubilee.dreamhost.com /killermobi.com/app/views/posts new.html.erb
2010.12.03 16:46 B C:\InstantRails\rails_apps\omc\app\views\posts\show.html.erb --> jubilee.dreamhost.com /killermobi.com/app/views/posts show.html.erb
2010.12.21 23:15 B C:\InstantRails\rails_apps\omc\app\views\posts\index.html.erb --> jubilee.dreamhost.com /killermobi.com/app/views/posts index.html.erb
2010.12.21 23:15 B C:\InstantRails\rails_apps\omc\app\views\posts\new.html.erb --> jubilee.dreamhost.com /killermobi.com/app/views/posts new.html.erb
2010.12.21 23:15 B C:\InstantRails\rails_apps\omc\app\views\posts\WS_FTP.LOG --> jubilee.dreamhost.com /killermobi.com/app/views/posts WS_FTP.LOG
2011.02.15 10:22 B C:\InstantRails\rails_apps\omc\app\views\posts\WS_FTP.LOG --> jubilee.dreamhost.com /killermobi.com/app/views/posts WS_FTP.LOG
2011.03.04 00:07 B C:\InstantRails\rails_apps\omc\app\views\posts\index.html.erb --> jubilee.dreamhost.com /killermobi.com/app/views/posts index.html.erb
2011.03.08 01:05 B C:\InstantRails\rails_apps\omc\app\views\posts\edit.html.erb --> jubilee.dreamhost.com /killermobi.com/app/views/posts edit.html.erb
2011.03.08 01:05 B C:\InstantRails\rails_apps\omc\app\views\posts\index.html.erb --> jubilee.dreamhost.com /killermobi.com/app/views/posts index.html.erb
2011.03.08 01:05 B C:\InstantRails\rails_apps\omc\app\views\posts\new.html.erb --> jubilee.dreamhost.com /killermobi.com/app/views/posts new.html.erb
2011.03.08 01:05 B C:\InstantRails\rails_apps\omc\app\views\posts\tag_page_show.rhtml --> jubilee.dreamhost.com /killermobi.com/app/views/posts tag_page_show.rhtml
2011.03.08 01:05 B C:\InstantRails\rails_apps\omc\app\views\posts\WS_FTP.LOG --> jubilee.dreamhost.com /killermobi.com/app/views/posts WS_FTP.LOG
2011.08.07 17:40 B C:\InstantRails\rails_apps\omc\app\views\posts\edit.html.erb.bak <-- killermobi /killermobi.com/app/views/posts edit.html.erb.bak
2011.08.07 17:40 B C:\InstantRails\rails_apps\omc\app\views\posts\index.html.erb.bak <-- killermobi /killermobi.com/app/views/posts index.html.erb.bak
2011.08.07 17:40 B C:\InstantRails\rails_apps\omc\app\views\posts\new.html.erb.bak <-- killermobi /killermobi.com/app/views/posts new.html.erb.bak
2011.08.07 17:40 B C:\InstantRails\rails_apps\omc\app\views\posts\show.html.erb <-- killermobi /killermobi.com/app/views/posts show.html.erb
2011.08.13 13:43 B C:\InstantRails\rails_apps\omc\app\views\posts\new.html.erb --> jubilee.dreamhost.com /killermobi.com/app/views/posts new.html.erb
2011.10.26 01:24 B C:\InstantRails\rails_apps\omc\app\views\posts\edit.html.erb --> jubilee.dreamhost.com /killermobi.com/app/views/posts edit.html.erb
2011.10.26 01:24 B C:\InstantRails\rails_apps\omc\app\views\posts\index.html.erb --> jubilee.dreamhost.com /killermobi.com/app/views/posts index.html.erb
2011.10.26 01:24 B C:\InstantRails\rails_apps\omc\app\views\posts\new.html.erb --> jubilee.dreamhost.com /killermobi.com/app/views/posts new.html.erb
2011.10.26 01:24 B C:\InstantRails\rails_apps\omc\app\views\posts\tag_page_show.rhtml --> jubilee.dreamhost.com /killermobi.com/app/views/posts tag_page_show.rhtml
2011.10.26 01:24 B C:\InstantRails\rails_apps\omc\app\views\posts\WS_FTP.LOG --> jubilee.dreamhost.com /killermobi.com/app/views/posts WS_FTP.LOG
2011.12.02 09:14 B C:\InstantRails\rails_apps\killermobi\app\views\posts\edit.html.erb --> jubilee.dreamhost.com /killermobi.com/new app/app/views/posts edit.html.erb
2011.12.02 09:14 B C:\InstantRails\rails_apps\killermobi\app\views\posts\index.html.erb --> jubilee.dreamhost.com /killermobi.com/new app/app/views/posts index.html.erb
2011.12.02 09:14 B C:\InstantRails\rails_apps\killermobi\app\views\posts\new.html.erb --> jubilee.dreamhost.com /killermobi.com/new app/app/views/posts new.html.erb
2011.12.02 09:14 B C:\InstantRails\rails_apps\killermobi\app\views\posts\show.html.erb --> jubilee.dreamhost.com /killermobi.com/new app/app/views/posts show.html.erb
2011.12.02 09:14 B C:\InstantRails\rails_apps\killermobi\app\views\posts\tag_page_show.rhtml --> jubilee.dreamhost.com /killermobi.com/new app/app/views/posts tag_page_show.rhtml
