2010.08.11 10:03 B C:\InstantRails\rails_apps\omc\app\views\categories\admin.html.erb --> jubilee.dreamhost.com /killermobi.com/app/views/categories admin.html.erb
2010.08.11 10:03 B C:\InstantRails\rails_apps\omc\app\views\categories\admin.html.erb.bak --> jubilee.dreamhost.com /killermobi.com/app/views/categories admin.html.erb.bak
2010.08.11 10:03 B C:\InstantRails\rails_apps\omc\app\views\categories\create.html.erb --> jubilee.dreamhost.com /killermobi.com/app/views/categories create.html.erb
2010.08.11 10:03 B C:\InstantRails\rails_apps\omc\app\views\categories\destroy.html.erb --> jubilee.dreamhost.com /killermobi.com/app/views/categories destroy.html.erb
2010.08.11 10:03 B C:\InstantRails\rails_apps\omc\app\views\categories\edit.html.erb --> jubilee.dreamhost.com /killermobi.com/app/views/categories edit.html.erb
2010.08.11 10:03 B C:\InstantRails\rails_apps\omc\app\views\categories\edit.html.erb.bak --> jubilee.dreamhost.com /killermobi.com/app/views/categories edit.html.erb.bak
2010.08.11 10:03 B C:\InstantRails\rails_apps\omc\app\views\categories\index.html.erb --> jubilee.dreamhost.com /killermobi.com/app/views/categories index.html.erb
2010.08.11 10:03 B C:\InstantRails\rails_apps\omc\app\views\categories\index.html.erb.bak --> jubilee.dreamhost.com /killermobi.com/app/views/categories index.html.erb.bak
2010.08.11 10:03 B C:\InstantRails\rails_apps\omc\app\views\categories\new.html.erb --> jubilee.dreamhost.com /killermobi.com/app/views/categories new.html.erb
2010.08.11 10:03 B C:\InstantRails\rails_apps\omc\app\views\categories\new.html.erb.bak --> jubilee.dreamhost.com /killermobi.com/app/views/categories new.html.erb.bak
2010.08.11 10:03 B C:\InstantRails\rails_apps\omc\app\views\categories\show.html.erb --> jubilee.dreamhost.com /killermobi.com/app/views/categories show.html.erb
2010.08.11 10:03 B C:\InstantRails\rails_apps\omc\app\views\categories\update.html.erb --> jubilee.dreamhost.com /killermobi.com/app/views/categories update.html.erb
2011.08.07 17:38 B C:\InstantRails\rails_apps\omc\app\views\categories\WS_FTP.LOG <-- killermobi /killermobi.com/app/views/categories WS_FTP.LOG
2011.10.26 01:18 B C:\InstantRails\rails_apps\omc\app\views\categories\WS_FTP.LOG --> jubilee.dreamhost.com /killermobi.com/app/views/categories WS_FTP.LOG
2011.12.02 09:11 B C:\InstantRails\rails_apps\killermobi\app\views\categories\admin.html.erb --> jubilee.dreamhost.com /killermobi.com/new app/app/views/categories admin.html.erb
2011.12.02 09:11 B C:\InstantRails\rails_apps\killermobi\app\views\categories\admin.html.erb.bak --> jubilee.dreamhost.com /killermobi.com/new app/app/views/categories admin.html.erb.bak
2011.12.02 09:11 B C:\InstantRails\rails_apps\killermobi\app\views\categories\create.html.erb --> jubilee.dreamhost.com /killermobi.com/new app/app/views/categories create.html.erb
2011.12.02 09:11 B C:\InstantRails\rails_apps\killermobi\app\views\categories\destroy.html.erb --> jubilee.dreamhost.com /killermobi.com/new app/app/views/categories destroy.html.erb
2011.12.02 09:11 B C:\InstantRails\rails_apps\killermobi\app\views\categories\edit.html.erb --> jubilee.dreamhost.com /killermobi.com/new app/app/views/categories edit.html.erb
2011.12.02 09:11 B C:\InstantRails\rails_apps\killermobi\app\views\categories\edit.html.erb.bak --> jubilee.dreamhost.com /killermobi.com/new app/app/views/categories edit.html.erb.bak
2011.12.02 09:11 B C:\InstantRails\rails_apps\killermobi\app\views\categories\index.html.erb --> jubilee.dreamhost.com /killermobi.com/new app/app/views/categories index.html.erb
2011.12.02 09:11 B C:\InstantRails\rails_apps\killermobi\app\views\categories\index.html.erb.bak --> jubilee.dreamhost.com /killermobi.com/new app/app/views/categories index.html.erb.bak
2011.12.02 09:11 B C:\InstantRails\rails_apps\killermobi\app\views\categories\new.html.erb --> jubilee.dreamhost.com /killermobi.com/new app/app/views/categories new.html.erb
2011.12.02 09:11 B C:\InstantRails\rails_apps\killermobi\app\views\categories\new.html.erb.bak --> jubilee.dreamhost.com /killermobi.com/new app/app/views/categories new.html.erb.bak
2011.12.02 09:11 B C:\InstantRails\rails_apps\killermobi\app\views\categories\show.html.erb --> jubilee.dreamhost.com /killermobi.com/new app/app/views/categories show.html.erb
2011.12.02 09:11 B C:\InstantRails\rails_apps\killermobi\app\views\categories\update.html.erb --> jubilee.dreamhost.com /killermobi.com/new app/app/views/categories update.html.erb
