2011.02.15 10:19 B C:\InstantRails\rails_apps\omc\app\views\mobile\base\android.rhtml --> jubilee.dreamhost.com /killermobi.com/app/views/mobile/base android.rhtml
2011.02.15 10:19 B C:\InstantRails\rails_apps\omc\app\views\mobile\base\blackberry.rhtml --> jubilee.dreamhost.com /killermobi.com/app/views/mobile/base blackberry.rhtml
2011.02.15 10:19 B C:\InstantRails\rails_apps\omc\app\views\mobile\base\category.rhtml --> jubilee.dreamhost.com /killermobi.com/app/views/mobile/base category.rhtml
2011.02.15 10:19 B C:\InstantRails\rails_apps\omc\app\views\mobile\base\home.rhtml --> jubilee.dreamhost.com /killermobi.com/app/views/mobile/base home.rhtml
2011.02.15 10:19 B C:\InstantRails\rails_apps\omc\app\views\mobile\base\javame.rhtml --> jubilee.dreamhost.com /killermobi.com/app/views/mobile/base javame.rhtml
2011.02.15 10:19 B C:\InstantRails\rails_apps\omc\app\views\mobile\base\symbian.rhtml --> jubilee.dreamhost.com /killermobi.com/app/views/mobile/base symbian.rhtml
2011.02.15 10:19 B C:\InstantRails\rails_apps\omc\app\views\mobile\base\windows.rhtml --> jubilee.dreamhost.com /killermobi.com/app/views/mobile/base windows.rhtml
2011.08.13 16:21 B C:\InstantRails\rails_apps\omc\app\views\mobile\base\android.rhtml --> jubilee.dreamhost.com /killermobi.com/app/views/mobile/base android.rhtml
2011.08.13 16:21 B C:\InstantRails\rails_apps\omc\app\views\mobile\base\blackberry.rhtml --> jubilee.dreamhost.com /killermobi.com/app/views/mobile/base blackberry.rhtml
2011.08.13 16:21 B C:\InstantRails\rails_apps\omc\app\views\mobile\base\category.rhtml --> jubilee.dreamhost.com /killermobi.com/app/views/mobile/base category.rhtml
2011.08.13 16:21 B C:\InstantRails\rails_apps\omc\app\views\mobile\base\home.rhtml --> jubilee.dreamhost.com /killermobi.com/app/views/mobile/base home.rhtml
2011.08.13 16:21 B C:\InstantRails\rails_apps\omc\app\views\mobile\base\javame.rhtml --> jubilee.dreamhost.com /killermobi.com/app/views/mobile/base javame.rhtml
2011.08.13 16:21 B C:\InstantRails\rails_apps\omc\app\views\mobile\base\symbian.rhtml --> jubilee.dreamhost.com /killermobi.com/app/views/mobile/base symbian.rhtml
2011.08.13 16:21 B C:\InstantRails\rails_apps\omc\app\views\mobile\base\windows.rhtml --> jubilee.dreamhost.com /killermobi.com/app/views/mobile/base windows.rhtml
2011.08.13 16:21 B C:\InstantRails\rails_apps\omc\app\views\mobile\base\WS_FTP.LOG --> jubilee.dreamhost.com /killermobi.com/app/views/mobile/base WS_FTP.LOG
2011.08.14 00:01 B C:\InstantRails\rails_apps\omc\app\views\mobile\base\android.rhtml --> jubilee.dreamhost.com /killermobi.com/app/views/mobile/base android.rhtml
2011.08.14 00:01 B C:\InstantRails\rails_apps\omc\app\views\mobile\base\blackberry.rhtml --> jubilee.dreamhost.com /killermobi.com/app/views/mobile/base blackberry.rhtml
2011.08.14 00:01 B C:\InstantRails\rails_apps\omc\app\views\mobile\base\category.rhtml --> jubilee.dreamhost.com /killermobi.com/app/views/mobile/base category.rhtml
2011.08.14 00:01 B C:\InstantRails\rails_apps\omc\app\views\mobile\base\home.rhtml --> jubilee.dreamhost.com /killermobi.com/app/views/mobile/base home.rhtml
2011.08.14 00:01 B C:\InstantRails\rails_apps\omc\app\views\mobile\base\javame.rhtml --> jubilee.dreamhost.com /killermobi.com/app/views/mobile/base javame.rhtml
2011.08.14 00:01 B C:\InstantRails\rails_apps\omc\app\views\mobile\base\symbian.rhtml --> jubilee.dreamhost.com /killermobi.com/app/views/mobile/base symbian.rhtml
2011.08.14 00:01 B C:\InstantRails\rails_apps\omc\app\views\mobile\base\windows.rhtml --> jubilee.dreamhost.com /killermobi.com/app/views/mobile/base windows.rhtml
2011.08.14 00:01 B C:\InstantRails\rails_apps\omc\app\views\mobile\base\WS_FTP.LOG --> jubilee.dreamhost.com /killermobi.com/app/views/mobile/base WS_FTP.LOG
2011.10.26 01:22 B C:\InstantRails\rails_apps\omc\app\views\mobile\base\android.rhtml --> jubilee.dreamhost.com /killermobi.com/app/views/mobile/base android.rhtml
2011.10.26 01:22 B C:\InstantRails\rails_apps\omc\app\views\mobile\base\blackberry.rhtml --> jubilee.dreamhost.com /killermobi.com/app/views/mobile/base blackberry.rhtml
2011.10.26 01:22 B C:\InstantRails\rails_apps\omc\app\views\mobile\base\category.rhtml --> jubilee.dreamhost.com /killermobi.com/app/views/mobile/base category.rhtml
2011.10.26 01:22 B C:\InstantRails\rails_apps\omc\app\views\mobile\base\home.rhtml --> jubilee.dreamhost.com /killermobi.com/app/views/mobile/base home.rhtml
2011.10.26 01:22 B C:\InstantRails\rails_apps\omc\app\views\mobile\base\javame.rhtml --> jubilee.dreamhost.com /killermobi.com/app/views/mobile/base javame.rhtml
2011.10.26 01:22 B C:\InstantRails\rails_apps\omc\app\views\mobile\base\symbian.rhtml --> jubilee.dreamhost.com /killermobi.com/app/views/mobile/base symbian.rhtml
2011.10.26 01:22 B C:\InstantRails\rails_apps\omc\app\views\mobile\base\windows.rhtml --> jubilee.dreamhost.com /killermobi.com/app/views/mobile/base windows.rhtml
2011.10.26 01:22 B C:\InstantRails\rails_apps\omc\app\views\mobile\base\WS_FTP.LOG --> jubilee.dreamhost.com /killermobi.com/app/views/mobile/base WS_FTP.LOG
2011.12.02 09:13 B C:\InstantRails\rails_apps\killermobi\app\views\mobile\base\android.rhtml --> jubilee.dreamhost.com /killermobi.com/new app/app/views/mobile/base android.rhtml
2011.12.02 09:13 B C:\InstantRails\rails_apps\killermobi\app\views\mobile\base\blackberry.rhtml --> jubilee.dreamhost.com /killermobi.com/new app/app/views/mobile/base blackberry.rhtml
2011.12.02 09:13 B C:\InstantRails\rails_apps\killermobi\app\views\mobile\base\category.rhtml --> jubilee.dreamhost.com /killermobi.com/new app/app/views/mobile/base category.rhtml
2011.12.02 09:13 B C:\InstantRails\rails_apps\killermobi\app\views\mobile\base\home.rhtml --> jubilee.dreamhost.com /killermobi.com/new app/app/views/mobile/base home.rhtml
2011.12.02 09:13 B C:\InstantRails\rails_apps\killermobi\app\views\mobile\base\javame.rhtml --> jubilee.dreamhost.com /killermobi.com/new app/app/views/mobile/base javame.rhtml
2011.12.02 09:13 B C:\InstantRails\rails_apps\killermobi\app\views\mobile\base\symbian.rhtml --> jubilee.dreamhost.com /killermobi.com/new app/app/views/mobile/base symbian.rhtml
2011.12.02 09:13 B C:\InstantRails\rails_apps\killermobi\app\views\mobile\base\windows.rhtml --> jubilee.dreamhost.com /killermobi.com/new app/app/views/mobile/base windows.rhtml
2011.12.02 09:13 B C:\InstantRails\rails_apps\killermobi\app\views\mobile\base\WS_FTP.LOG --> jubilee.dreamhost.com /killermobi.com/new app/app/views/mobile/base WS_FTP.LOG
2011.12.10 12:48 B C:\InstantRails\rails_apps\killermobi\app\views\mobile\base\android.rhtml --> jubilee.dreamhost.com /killermobi.com/app/views/mobile/base android.rhtml
2011.12.10 12:48 B C:\InstantRails\rails_apps\killermobi\app\views\mobile\base\blackberry.rhtml --> jubilee.dreamhost.com /killermobi.com/app/views/mobile/base blackberry.rhtml
2011.12.10 12:48 B C:\InstantRails\rails_apps\killermobi\app\views\mobile\base\category.rhtml --> jubilee.dreamhost.com /killermobi.com/app/views/mobile/base category.rhtml
2011.12.10 12:48 B C:\InstantRails\rails_apps\killermobi\app\views\mobile\base\home.rhtml --> jubilee.dreamhost.com /killermobi.com/app/views/mobile/base home.rhtml
2011.12.10 12:48 B C:\InstantRails\rails_apps\killermobi\app\views\mobile\base\javame.rhtml --> jubilee.dreamhost.com /killermobi.com/app/views/mobile/base javame.rhtml
2011.12.10 12:48 B C:\InstantRails\rails_apps\killermobi\app\views\mobile\base\symbian.rhtml --> jubilee.dreamhost.com /killermobi.com/app/views/mobile/base symbian.rhtml
2011.12.10 12:48 B C:\InstantRails\rails_apps\killermobi\app\views\mobile\base\windows.rhtml --> jubilee.dreamhost.com /killermobi.com/app/views/mobile/base windows.rhtml
2012.04.10 02:33 B C:\InstantRails\rails_apps\killermobi\app\views\mobile\base\android.rhtml --> jubilee.dreamhost.com /killermobi.com/app/views/mobile/base android.rhtml
2012.04.10 02:33 B C:\InstantRails\rails_apps\killermobi\app\views\mobile\base\blackberry.rhtml --> jubilee.dreamhost.com /killermobi.com/app/views/mobile/base blackberry.rhtml
2012.04.10 02:33 B C:\InstantRails\rails_apps\killermobi\app\views\mobile\base\category.rhtml --> jubilee.dreamhost.com /killermobi.com/app/views/mobile/base category.rhtml
2012.04.10 02:33 B C:\InstantRails\rails_apps\killermobi\app\views\mobile\base\home.rhtml --> jubilee.dreamhost.com /killermobi.com/app/views/mobile/base home.rhtml
2012.04.10 02:33 B C:\InstantRails\rails_apps\killermobi\app\views\mobile\base\javame.rhtml --> jubilee.dreamhost.com /killermobi.com/app/views/mobile/base javame.rhtml
2012.04.10 02:34 B C:\InstantRails\rails_apps\killermobi\app\views\mobile\base\symbian.rhtml --> jubilee.dreamhost.com /killermobi.com/app/views/mobile/base symbian.rhtml
2012.04.10 02:34 B C:\InstantRails\rails_apps\killermobi\app\views\mobile\base\windows.rhtml --> jubilee.dreamhost.com /killermobi.com/app/views/mobile/base windows.rhtml
